


ARM Macro Assembler    Page 1 


    1 00000000         ;/******************************************************
                       ********************//**
    2 00000000         ; * @file     startup_LPC17xx.s
    3 00000000         ; * @brief    CMSIS Cortex-M3 Core Device Startup File f
                       or
    4 00000000         ; *           NXP LPC17xx Device Series
    5 00000000         ; * @version  V1.10
    6 00000000         ; * @date     06. April 2011
    7 00000000         ; *
    8 00000000         ; * @note
    9 00000000         ; * Copyright (C) 2009-2011 ARM Limited. All rights rese
                       rved.
   10 00000000         ; *
   11 00000000         ; * @par
   12 00000000         ; * ARM Limited (ARM) is supplying this software for use
                        with Cortex-M
   13 00000000         ; * processor based microcontrollers.  This file can be 
                       freely distributed
   14 00000000         ; * within development tools that are supporting such AR
                       M based processors.
   15 00000000         ; *
   16 00000000         ; * @par
   17 00000000         ; * THIS SOFTWARE IS PROVIDED "AS IS".  NO WARRANTIES, W
                       HETHER EXPRESS, IMPLIED
   18 00000000         ; * OR STATUTORY, INCLUDING, BUT NOT LIMITED TO, IMPLIED
                        WARRANTIES OF
   19 00000000         ; * MERCHANTABILITY AND FITNESS FOR A PARTICULAR PURPOSE
                        APPLY TO THIS SOFTWARE.
   20 00000000         ; * ARM SHALL NOT, IN ANY CIRCUMSTANCES, BE LIABLE FOR S
                       PECIAL, INCIDENTAL, OR
   21 00000000         ; * CONSEQUENTIAL DAMAGES, FOR ANY REASON WHATSOEVER.
   22 00000000         ; *
   23 00000000         ; ******************************************************
                       ************************/
   24 00000000         
   25 00000000         ; *------- <<< Use Configuration Wizard in Context Menu 
                       >>> ------------------
   26 00000000         
   27 00000000         ; <h> Stack Configuration
   28 00000000         ;   <o> Stack Size (in Bytes) <0x0-0xFFFFFFFF:8>
   29 00000000         ; </h>
   30 00000000         
   31 00000000 00000200 
                       Stack_Size
                               EQU              0x00000200
   32 00000000         
   33 00000000                 AREA             STACK, NOINIT, READWRITE, ALIGN
=3
   34 00000000         Stack_Mem
                               SPACE            Stack_Size
   35 00000200         __initial_sp
   36 00000200         
   37 00000200         
   38 00000200         ; <h> Heap Configuration
   39 00000200         ;   <o>  Heap Size (in Bytes) <0x0-0xFFFFFFFF:8>
   40 00000200         ; </h>
   41 00000200         
   42 00000200 00000000 
                       Heap_Size



ARM Macro Assembler    Page 2 


                               EQU              0x00000000
   43 00000200         
   44 00000200                 AREA             HEAP, NOINIT, READWRITE, ALIGN=
3
   45 00000000         __heap_base
   46 00000000         Heap_Mem
                               SPACE            Heap_Size
   47 00000000         __heap_limit
   48 00000000         
   49 00000000         
   50 00000000                 PRESERVE8
   51 00000000                 THUMB
   52 00000000         
   53 00000000         
   54 00000000         ; Vector Table Mapped to Address 0 at Reset
   55 00000000         
   56 00000000                 AREA             RESET, DATA, READONLY
   57 00000000                 EXPORT           __Vectors
   58 00000000         
   59 00000000 00000000 
                       __Vectors
                               DCD              __initial_sp ; Top of Stack
   60 00000004 00000000        DCD              Reset_Handler ; Reset Handler
   61 00000008 00000000        DCD              NMI_Handler ; NMI Handler
   62 0000000C 00000000        DCD              HardFault_Handler ; Hard Fault 
                                                            Handler
   63 00000010 00000000        DCD              MemManage_Handler 
                                                            ; MPU Fault Handler
                                                            
   64 00000014 00000000        DCD              BusFault_Handler 
                                                            ; Bus Fault Handler
                                                            
   65 00000018 00000000        DCD              UsageFault_Handler ; Usage Faul
                                                            t Handler
   66 0000001C 00000000        DCD              0           ; Reserved
   67 00000020 00000000        DCD              0           ; Reserved
   68 00000024 00000000        DCD              0           ; Reserved
   69 00000028 00000000        DCD              0           ; Reserved
   70 0000002C 00000000        DCD              SVC_Handler ; SVCall Handler
   71 00000030 00000000        DCD              DebugMon_Handler ; Debug Monito
                                                            r Handler
   72 00000034 00000000        DCD              0           ; Reserved
   73 00000038 00000000        DCD              PendSV_Handler ; PendSV Handler
                                                            
   74 0000003C 00000000        DCD              SysTick_Handler 
                                                            ; SysTick Handler
   75 00000040         
   76 00000040         ; External Interrupts
   77 00000040 00000000        DCD              WDT_IRQHandler ; 16: Watchdog T
                                                            imer
   78 00000044 00000000        DCD              TIMER0_IRQHandler ; 17: Timer0
   79 00000048 00000000        DCD              TIMER1_IRQHandler ; 18: Timer1
   80 0000004C 00000000        DCD              TIMER2_IRQHandler ; 19: Timer2
   81 00000050 00000000        DCD              TIMER3_IRQHandler ; 20: Timer3
   82 00000054 00000000        DCD              UART0_IRQHandler ; 21: UART0
   83 00000058 00000000        DCD              UART1_IRQHandler ; 22: UART1
   84 0000005C 00000000        DCD              UART2_IRQHandler ; 23: UART2
   85 00000060 00000000        DCD              UART3_IRQHandler ; 24: UART3
   86 00000064 00000000        DCD              PWM1_IRQHandler ; 25: PWM1



ARM Macro Assembler    Page 3 


   87 00000068 00000000        DCD              I2C0_IRQHandler ; 26: I2C0
   88 0000006C 00000000        DCD              I2C1_IRQHandler ; 27: I2C1
   89 00000070 00000000        DCD              I2C2_IRQHandler ; 28: I2C2
   90 00000074 00000000        DCD              SPI_IRQHandler ; 29: SPI
   91 00000078 00000000        DCD              SSP0_IRQHandler ; 30: SSP0
   92 0000007C 00000000        DCD              SSP1_IRQHandler ; 31: SSP1
   93 00000080 00000000        DCD              PLL0_IRQHandler ; 32: PLL0 Lock
                                                             (Main PLL)
   94 00000084 00000000        DCD              RTC_IRQHandler ; 33: Real Time 
                                                            Clock
   95 00000088 00000000        DCD              EINT0_IRQHandler ; 34: External
                                                             Interrupt 0
   96 0000008C 00000000        DCD              EINT1_IRQHandler ; 35: External
                                                             Interrupt 1
   97 00000090 00000000        DCD              EINT2_IRQHandler ; 36: External
                                                             Interrupt 2
   98 00000094 00000000        DCD              EINT3_IRQHandler ; 37: External
                                                             Interrupt 3
   99 00000098 00000000        DCD              ADC_IRQHandler 
                                                            ; 38: A/D Converter
                                                            
  100 0000009C 00000000        DCD              BOD_IRQHandler ; 39: Brown-Out 
                                                            Detect
  101 000000A0 00000000        DCD              USB_IRQHandler ; 40: USB
  102 000000A4 00000000        DCD              CAN_IRQHandler ; 41: CAN
  103 000000A8 00000000        DCD              DMA_IRQHandler ; 42: General Pu
                                                            rpose DMA
  104 000000AC 00000000        DCD              I2S_IRQHandler ; 43: I2S
  105 000000B0 00000000        DCD              ENET_IRQHandler ; 44: Ethernet
  106 000000B4 00000000        DCD              RIT_IRQHandler ; 45: Repetitive
                                                             Interrupt Timer
  107 000000B8 00000000        DCD              MCPWM_IRQHandler ; 46: Motor Co
                                                            ntrol PWM
  108 000000BC 00000000        DCD              QEI_IRQHandler ; 47: Quadrature
                                                             Encoder Interface
  109 000000C0 00000000        DCD              PLL1_IRQHandler ; 48: PLL1 Lock
                                                             (USB PLL)
  110 000000C4 00000000        DCD              USBActivity_IRQHandler ; 49: US
                                                            B Activity interrup
                                                            t to wakeup
  111 000000C8 00000000        DCD              CANActivity_IRQHandler ; 50: CA
                                                            N Activity interrup
                                                            t to wakeup
  112 000000CC         
  113 000000CC         
  114 000000CC                 IF               :LNOT::DEF:NO_CRP
  115 000000CC                 AREA             |.ARM.__at_0x02FC|, CODE, READO
NLY
  116 00000000 FFFFFFFF 
                       CRP_Key DCD              0xFFFFFFFF
  117 00000004                 ENDIF
  118 00000004         
  119 00000004 00000018 
                       myArea_size
                               EQU              0x00000018
  120 00000004         
  121 00000004                 AREA             myArea, NOINIT, READWRITE
  122 00000000         myArea_mem
                               SPACE            myArea_size



ARM Macro Assembler    Page 4 


  123 00000018         myArea_p
  124 00000018         
  125 00000018         
  126 00000018                 AREA             |.text|, CODE, READONLY
  127 00000000         
  128 00000000         
  129 00000000         ; Reset Handler
  130 00000000         
  131 00000000         Reset_Handler
                               PROC
  132 00000000                 EXPORT           Reset_Handler             [WEAK
]
  133 00000000         
  134 00000000         ;;;;;;;;;;;;;;;;;;;;;;;;;;;;;;;;;;;;;;;;;;;;;;;;;;;;;;;;
                       ;;;;;;;;
  135 00000000         ; LAB04 EX1
  136 00000000         ;
  137 00000000         ; Implementation of <UADD8 r4, r0, r1>.    
  138 00000000         ; In this code is used the RAM as a temporary storage. I
                       t could
  139 00000000         ; be possible to use only registers (they're used in the
                        Ex2 of
  140 00000000         ; the same lab in order to exploit two different approac
                       hes).
  141 00000000         ;;;;;;;;;;;;;;;;;;;;;;;;;;;;;;;;;;;;;;;;;;;;;;;;;;;;;;;;
                       ;;;;;;;;
  142 00000000         
  143 00000000         
  144 00000000         ;op1    RN 0
  145 00000000         ;op2    RN 1
  146 00000000         ;areaindex   RN 3
  147 00000000         ;res    RN 4
  148 00000000         ;counter   RN 5
  149 00000000         ;
  150 00000000         ;    LDR areaindex, =myArea_p ; Takes the index of the f
                       irst byte in myArea_p
  151 00000000         ;    
  152 00000000         ;    LDR op1, =0x7A30458D  ; Set the two operands
  153 00000000         ;    LDR op2, =0xC3159EAA
  154 00000000         ;    
  155 00000000         ;    STR op1, [areaindex], #4 ; Store first, increment b
                       y a WORD
  156 00000000         ;    STR op2, [areaindex], #4 ; Store second, increment 
                       by a WORD
  157 00000000         ;    
  158 00000000         ;    MOV counter, #3    
  159 00000000         ;
  160 00000000         ;loop          ; Loop byte-by-byte over the myArea_p
  161 00000000         ;    LDRB r6, [areaindex, #-8] ; Load first byte pre-inc
                       remented without update
  162 00000000         ;    LDRB r7, [areaindex, #-4] ; Load second one in the 
                       same way
  163 00000000         ;    
  164 00000000         ;    ADD res, r6, r7
  165 00000000         ;    
  166 00000000         ;    STRB res, [areaindex], #1 ; Store the result and th
                       en increment
  167 00000000         ;    
  168 00000000         ;    CBZ counter, result



ARM Macro Assembler    Page 5 


  169 00000000         ;    ADD counter, #-1   
  170 00000000         ;    B loop 
  171 00000000         ;    
  172 00000000         ;result
  173 00000000         ;    LDR res, [areaindex, #-4] ; Load the result in the 
                       final register
  174 00000000         ;
  175 00000000         
  176 00000000        4 
                       op1     RN               4
  177 00000000        0 
                       op2     RN               0
  178 00000000        2 
                       temp1   RN               2
  179 00000000        3 
                       temp2   RN               3
  180 00000000        5 
                       temp3   RN               5
  181 00000000        1 
                       res     RN               1
  182 00000000         
  183 00000000         
  184 00000000 4C2E            LDR              op1, =0x7A30458D
  185 00000002 482F            LDR              op2, =0xC3159EAA
  186 00000004         
  187 00000004         
  188 00000004 EA4F 6214       LSR              temp1, op1, #24
  189 00000008 EA4F 6310       LSR              temp2, op2, #24
  190 0000000C         
  191 0000000C EB02 0503       ADD              temp3, temp1, temp2
  192 00000010         
  193 00000010 EA4F 6505       LSL              temp3, temp3, #24
  194 00000014 EA4F 6515       LSR              temp3, temp3, #24
  195 00000018         
  196 00000018 EA4F 2101       LSL              res, res, #8
  197 0000001C 4429            ADD              res, res, temp3
  198 0000001E         
  199 0000001E EA4F 4214       LSR              temp1, op1, #16
  200 00000022 EA4F 6202       LSL              temp1, temp1, #24
  201 00000026 EA4F 6212       LSR              temp1, temp1, #24
  202 0000002A EA4F 4310       LSR              temp2, op2, #16
  203 0000002E EA4F 6303       LSL              temp2, temp2, #24
  204 00000032 EA4F 6313       LSR              temp2, temp2, #24
  205 00000036         
  206 00000036 EB02 0503       ADD              temp3, temp1, temp2
  207 0000003A         
  208 0000003A EA4F 6505       LSL              temp3, temp3, #24
  209 0000003E EA4F 6515       LSR              temp3, temp3, #24
  210 00000042         
  211 00000042 EA4F 2101       LSL              res, res, #8
  212 00000046 4429            ADD              res, res, temp3
  213 00000048         
  214 00000048 EA4F 2214       LSR              temp1, op1, #8
  215 0000004C EA4F 6202       LSL              temp1, temp1, #24
  216 00000050 EA4F 6212       LSR              temp1, temp1, #24
  217 00000054 EA4F 2310       LSR              temp2, op2, #8
  218 00000058 EA4F 6303       LSL              temp2, temp2, #24
  219 0000005C EA4F 6313       LSR              temp2, temp2, #24
  220 00000060         



ARM Macro Assembler    Page 6 


  221 00000060 EB02 0503       ADD              temp3, temp1, temp2
  222 00000064         
  223 00000064 EA4F 6505       LSL              temp3, temp3, #24
  224 00000068 EA4F 6515       LSR              temp3, temp3, #24
  225 0000006C         
  226 0000006C EA4F 2101       LSL              res, res, #8
  227 00000070 4429            ADD              res, res, temp3
  228 00000072         
  229 00000072 4622            MOV              temp1, op1
  230 00000074 EA4F 6202       LSL              temp1, temp1, #24
  231 00000078 EA4F 6212       LSR              temp1, temp1, #24
  232 0000007C 4603            MOV              temp2, op2
  233 0000007E EA4F 6303       LSL              temp2, temp2, #24
  234 00000082 EA4F 6313       LSR              temp2, temp2, #24
  235 00000086         
  236 00000086 EB02 0503       ADD              temp3, temp1, temp2
  237 0000008A         
  238 0000008A EA4F 6505       LSL              temp3, temp3, #24
  239 0000008E EA4F 6515       LSR              temp3, temp3, #24
  240 00000092         
  241 00000092 EA4F 2101       LSL              res, res, #8
  242 00000096 4429            ADD              res, res, temp3
  243 00000098         
  244 00000098         
  245 00000098 E7FE    stop    B                stop
  246 0000009A         
  247 0000009A         
  248 0000009A         
  249 0000009A                 ENDP
  250 0000009A         
  251 0000009A         
  252 0000009A         ; Dummy Exception Handlers (infinite loops which can be 
                       modified)
  253 0000009A         
  254 0000009A         NMI_Handler
                               PROC
  255 0000009A                 EXPORT           NMI_Handler               [WEAK
]
  256 0000009A E7FE            B                .
  257 0000009C                 ENDP
  259 0000009C         HardFault_Handler
                               PROC
  260 0000009C                 EXPORT           HardFault_Handler         [WEAK
]
  261 0000009C E7FE            B                .
  262 0000009E                 ENDP
  264 0000009E         MemManage_Handler
                               PROC
  265 0000009E                 EXPORT           MemManage_Handler         [WEAK
]
  266 0000009E E7FE            B                .
  267 000000A0                 ENDP
  269 000000A0         BusFault_Handler
                               PROC
  270 000000A0                 EXPORT           BusFault_Handler          [WEAK
]
  271 000000A0 E7FE            B                .
  272 000000A2                 ENDP
  274 000000A2         UsageFault_Handler



ARM Macro Assembler    Page 7 


                               PROC
  275 000000A2                 EXPORT           UsageFault_Handler        [WEAK
]
  276 000000A2 E7FE            B                .
  277 000000A4                 ENDP
  278 000000A4         SVC_Handler
                               PROC
  279 000000A4                 EXPORT           SVC_Handler               [WEAK
]
  280 000000A4 E7FE            B                .
  281 000000A6                 ENDP
  283 000000A6         DebugMon_Handler
                               PROC
  284 000000A6                 EXPORT           DebugMon_Handler          [WEAK
]
  285 000000A6 E7FE            B                .
  286 000000A8                 ENDP
  287 000000A8         PendSV_Handler
                               PROC
  288 000000A8                 EXPORT           PendSV_Handler            [WEAK
]
  289 000000A8 E7FE            B                .
  290 000000AA                 ENDP
  291 000000AA         SysTick_Handler
                               PROC
  292 000000AA                 EXPORT           SysTick_Handler           [WEAK
]
  293 000000AA E7FE            B                .
  294 000000AC                 ENDP
  295 000000AC         
  296 000000AC         Default_Handler
                               PROC
  297 000000AC         
  298 000000AC                 EXPORT           WDT_IRQHandler            [WEAK
]
  299 000000AC                 EXPORT           TIMER0_IRQHandler         [WEAK
]
  300 000000AC                 EXPORT           TIMER1_IRQHandler         [WEAK
]
  301 000000AC                 EXPORT           TIMER2_IRQHandler         [WEAK
]
  302 000000AC                 EXPORT           TIMER3_IRQHandler         [WEAK
]
  303 000000AC                 EXPORT           UART0_IRQHandler          [WEAK
]
  304 000000AC                 EXPORT           UART1_IRQHandler          [WEAK
]
  305 000000AC                 EXPORT           UART2_IRQHandler          [WEAK
]
  306 000000AC                 EXPORT           UART3_IRQHandler          [WEAK
]
  307 000000AC                 EXPORT           PWM1_IRQHandler           [WEAK
]
  308 000000AC                 EXPORT           I2C0_IRQHandler           [WEAK
]
  309 000000AC                 EXPORT           I2C1_IRQHandler           [WEAK
]
  310 000000AC                 EXPORT           I2C2_IRQHandler           [WEAK
]



ARM Macro Assembler    Page 8 


  311 000000AC                 EXPORT           SPI_IRQHandler            [WEAK
]
  312 000000AC                 EXPORT           SSP0_IRQHandler           [WEAK
]
  313 000000AC                 EXPORT           SSP1_IRQHandler           [WEAK
]
  314 000000AC                 EXPORT           PLL0_IRQHandler           [WEAK
]
  315 000000AC                 EXPORT           RTC_IRQHandler            [WEAK
]
  316 000000AC                 EXPORT           EINT0_IRQHandler          [WEAK
]
  317 000000AC                 EXPORT           EINT1_IRQHandler          [WEAK
]
  318 000000AC                 EXPORT           EINT2_IRQHandler          [WEAK
]
  319 000000AC                 EXPORT           EINT3_IRQHandler          [WEAK
]
  320 000000AC                 EXPORT           ADC_IRQHandler            [WEAK
]
  321 000000AC                 EXPORT           BOD_IRQHandler            [WEAK
]
  322 000000AC                 EXPORT           USB_IRQHandler            [WEAK
]
  323 000000AC                 EXPORT           CAN_IRQHandler            [WEAK
]
  324 000000AC                 EXPORT           DMA_IRQHandler            [WEAK
]
  325 000000AC                 EXPORT           I2S_IRQHandler            [WEAK
]
  326 000000AC                 EXPORT           ENET_IRQHandler           [WEAK
]
  327 000000AC                 EXPORT           RIT_IRQHandler            [WEAK
]
  328 000000AC                 EXPORT           MCPWM_IRQHandler          [WEAK
]
  329 000000AC                 EXPORT           QEI_IRQHandler            [WEAK
]
  330 000000AC                 EXPORT           PLL1_IRQHandler           [WEAK
]
  331 000000AC                 EXPORT           USBActivity_IRQHandler    [WEAK
]
  332 000000AC                 EXPORT           CANActivity_IRQHandler    [WEAK
]
  333 000000AC         
  334 000000AC         WDT_IRQHandler
  335 000000AC         TIMER0_IRQHandler
  336 000000AC         TIMER1_IRQHandler
  337 000000AC         TIMER2_IRQHandler
  338 000000AC         TIMER3_IRQHandler
  339 000000AC         UART0_IRQHandler
  340 000000AC         UART1_IRQHandler
  341 000000AC         UART2_IRQHandler
  342 000000AC         UART3_IRQHandler
  343 000000AC         PWM1_IRQHandler
  344 000000AC         I2C0_IRQHandler
  345 000000AC         I2C1_IRQHandler
  346 000000AC         I2C2_IRQHandler
  347 000000AC         SPI_IRQHandler



ARM Macro Assembler    Page 9 


  348 000000AC         SSP0_IRQHandler
  349 000000AC         SSP1_IRQHandler
  350 000000AC         PLL0_IRQHandler
  351 000000AC         RTC_IRQHandler
  352 000000AC         EINT0_IRQHandler
  353 000000AC         EINT1_IRQHandler
  354 000000AC         EINT2_IRQHandler
  355 000000AC         EINT3_IRQHandler
  356 000000AC         ADC_IRQHandler
  357 000000AC         BOD_IRQHandler
  358 000000AC         USB_IRQHandler
  359 000000AC         CAN_IRQHandler
  360 000000AC         DMA_IRQHandler
  361 000000AC         I2S_IRQHandler
  362 000000AC         ENET_IRQHandler
  363 000000AC         RIT_IRQHandler
  364 000000AC         MCPWM_IRQHandler
  365 000000AC         QEI_IRQHandler
  366 000000AC         PLL1_IRQHandler
  367 000000AC         USBActivity_IRQHandler
  368 000000AC         CANActivity_IRQHandler
  369 000000AC         
  370 000000AC E7FE            B                .
  371 000000AE         
  372 000000AE                 ENDP
  373 000000AE         
  374 000000AE         
  375 000000AE 00 00           ALIGN
  376 000000B0         
  377 000000B0         
  378 000000B0         ; User Initial Stack & Heap
  379 000000B0         
  380 000000B0                 IF               :DEF:__MICROLIB
  387 000000B0         
  388 000000B0         ;IMPORT  __use_two_region_memory
  389 000000B0                 EXPORT           __user_initial_stackheap
  390 000000B0         __user_initial_stackheap
  391 000000B0         
  392 000000B0 4804            LDR              R0, =  Heap_Mem
  393 000000B2 4905            LDR              R1, =(Stack_Mem + Stack_Size)
  394 000000B4 4A03            LDR              R2, = (Heap_Mem +  Heap_Size)
  395 000000B6 4B05            LDR              R3, = Stack_Mem
  396 000000B8 4770            BX               LR
  397 000000BA         
  398 000000BA 00 00           ALIGN
  399 000000BC         
  400 000000BC                 ENDIF
  401 000000BC         
  402 000000BC         
  403 000000BC                 END
              7A30458D 
              C3159EAA 
              00000000 
              00000200 
              00000000 
Command Line: --debug --xref --cpu=Cortex-M3 --apcs=interwork --depend=.\startu
p_lpc17xx.d -o.\startup_lpc17xx.o -IC:\Keil\ARM\RV31\INC -IC:\Keil\ARM\CMSIS\In
clude -IC:\Keil\ARM\Inc\NXP\LPC17xx --predefine="__EVAL SETA 1" --list=.\startu
p_lpc17xx.lst startup_LPC17xx.s



ARM Macro Assembler    Page 1 Alphabetic symbol ordering
Relocatable symbols

STACK 00000000

Symbol: STACK
   Definitions
      At line 33 in file startup_LPC17xx.s
   Uses
      None
Comment: STACK unused
Stack_Mem 00000000

Symbol: Stack_Mem
   Definitions
      At line 34 in file startup_LPC17xx.s
   Uses
      At line 393 in file startup_LPC17xx.s
      At line 395 in file startup_LPC17xx.s

__initial_sp 00000200

Symbol: __initial_sp
   Definitions
      At line 35 in file startup_LPC17xx.s
   Uses
      At line 59 in file startup_LPC17xx.s
Comment: __initial_sp used once
3 symbols



ARM Macro Assembler    Page 1 Alphabetic symbol ordering
Relocatable symbols

HEAP 00000000

Symbol: HEAP
   Definitions
      At line 44 in file startup_LPC17xx.s
   Uses
      None
Comment: HEAP unused
Heap_Mem 00000000

Symbol: Heap_Mem
   Definitions
      At line 46 in file startup_LPC17xx.s
   Uses
      At line 392 in file startup_LPC17xx.s
      At line 394 in file startup_LPC17xx.s

__heap_base 00000000

Symbol: __heap_base
   Definitions
      At line 45 in file startup_LPC17xx.s
   Uses
      None
Comment: __heap_base unused
__heap_limit 00000000

Symbol: __heap_limit
   Definitions
      At line 47 in file startup_LPC17xx.s
   Uses
      None
Comment: __heap_limit unused
4 symbols



ARM Macro Assembler    Page 1 Alphabetic symbol ordering
Relocatable symbols

RESET 00000000

Symbol: RESET
   Definitions
      At line 56 in file startup_LPC17xx.s
   Uses
      None
Comment: RESET unused
__Vectors 00000000

Symbol: __Vectors
   Definitions
      At line 59 in file startup_LPC17xx.s
   Uses
      At line 57 in file startup_LPC17xx.s
Comment: __Vectors used once
2 symbols



ARM Macro Assembler    Page 1 Alphabetic symbol ordering
Relocatable symbols

.ARM.__at_0x02FC 00000000

Symbol: .ARM.__at_0x02FC
   Definitions
      At line 115 in file startup_LPC17xx.s
   Uses
      None
Comment: .ARM.__at_0x02FC unused
CRP_Key 00000000

Symbol: CRP_Key
   Definitions
      At line 116 in file startup_LPC17xx.s
   Uses
      None
Comment: CRP_Key unused
2 symbols



ARM Macro Assembler    Page 1 Alphabetic symbol ordering
Relocatable symbols

myArea 00000000

Symbol: myArea
   Definitions
      At line 121 in file startup_LPC17xx.s
   Uses
      None
Comment: myArea unused
myArea_mem 00000000

Symbol: myArea_mem
   Definitions
      At line 122 in file startup_LPC17xx.s
   Uses
      None
Comment: myArea_mem unused
myArea_p 00000018

Symbol: myArea_p
   Definitions
      At line 123 in file startup_LPC17xx.s
   Uses
      None
Comment: myArea_p unused
3 symbols



ARM Macro Assembler    Page 1 Alphabetic symbol ordering
Relocatable symbols

.text 00000000

Symbol: .text
   Definitions
      At line 126 in file startup_LPC17xx.s
   Uses
      None
Comment: .text unused
ADC_IRQHandler 000000AC

Symbol: ADC_IRQHandler
   Definitions
      At line 356 in file startup_LPC17xx.s
   Uses
      At line 99 in file startup_LPC17xx.s
      At line 320 in file startup_LPC17xx.s

BOD_IRQHandler 000000AC

Symbol: BOD_IRQHandler
   Definitions
      At line 357 in file startup_LPC17xx.s
   Uses
      At line 100 in file startup_LPC17xx.s
      At line 321 in file startup_LPC17xx.s

BusFault_Handler 000000A0

Symbol: BusFault_Handler
   Definitions
      At line 269 in file startup_LPC17xx.s
   Uses
      At line 64 in file startup_LPC17xx.s
      At line 270 in file startup_LPC17xx.s

CANActivity_IRQHandler 000000AC

Symbol: CANActivity_IRQHandler
   Definitions
      At line 368 in file startup_LPC17xx.s
   Uses
      At line 111 in file startup_LPC17xx.s
      At line 332 in file startup_LPC17xx.s

CAN_IRQHandler 000000AC

Symbol: CAN_IRQHandler
   Definitions
      At line 359 in file startup_LPC17xx.s
   Uses
      At line 102 in file startup_LPC17xx.s
      At line 323 in file startup_LPC17xx.s

DMA_IRQHandler 000000AC

Symbol: DMA_IRQHandler
   Definitions
      At line 360 in file startup_LPC17xx.s
   Uses



ARM Macro Assembler    Page 2 Alphabetic symbol ordering
Relocatable symbols

      At line 103 in file startup_LPC17xx.s
      At line 324 in file startup_LPC17xx.s

DebugMon_Handler 000000A6

Symbol: DebugMon_Handler
   Definitions
      At line 283 in file startup_LPC17xx.s
   Uses
      At line 71 in file startup_LPC17xx.s
      At line 284 in file startup_LPC17xx.s

Default_Handler 000000AC

Symbol: Default_Handler
   Definitions
      At line 296 in file startup_LPC17xx.s
   Uses
      None
Comment: Default_Handler unused
EINT0_IRQHandler 000000AC

Symbol: EINT0_IRQHandler
   Definitions
      At line 352 in file startup_LPC17xx.s
   Uses
      At line 95 in file startup_LPC17xx.s
      At line 316 in file startup_LPC17xx.s

EINT1_IRQHandler 000000AC

Symbol: EINT1_IRQHandler
   Definitions
      At line 353 in file startup_LPC17xx.s
   Uses
      At line 96 in file startup_LPC17xx.s
      At line 317 in file startup_LPC17xx.s

EINT2_IRQHandler 000000AC

Symbol: EINT2_IRQHandler
   Definitions
      At line 354 in file startup_LPC17xx.s
   Uses
      At line 97 in file startup_LPC17xx.s
      At line 318 in file startup_LPC17xx.s

EINT3_IRQHandler 000000AC

Symbol: EINT3_IRQHandler
   Definitions
      At line 355 in file startup_LPC17xx.s
   Uses
      At line 98 in file startup_LPC17xx.s
      At line 319 in file startup_LPC17xx.s

ENET_IRQHandler 000000AC

Symbol: ENET_IRQHandler



ARM Macro Assembler    Page 3 Alphabetic symbol ordering
Relocatable symbols

   Definitions
      At line 362 in file startup_LPC17xx.s
   Uses
      At line 105 in file startup_LPC17xx.s
      At line 326 in file startup_LPC17xx.s

HardFault_Handler 0000009C

Symbol: HardFault_Handler
   Definitions
      At line 259 in file startup_LPC17xx.s
   Uses
      At line 62 in file startup_LPC17xx.s
      At line 260 in file startup_LPC17xx.s

I2C0_IRQHandler 000000AC

Symbol: I2C0_IRQHandler
   Definitions
      At line 344 in file startup_LPC17xx.s
   Uses
      At line 87 in file startup_LPC17xx.s
      At line 308 in file startup_LPC17xx.s

I2C1_IRQHandler 000000AC

Symbol: I2C1_IRQHandler
   Definitions
      At line 345 in file startup_LPC17xx.s
   Uses
      At line 88 in file startup_LPC17xx.s
      At line 309 in file startup_LPC17xx.s

I2C2_IRQHandler 000000AC

Symbol: I2C2_IRQHandler
   Definitions
      At line 346 in file startup_LPC17xx.s
   Uses
      At line 89 in file startup_LPC17xx.s
      At line 310 in file startup_LPC17xx.s

I2S_IRQHandler 000000AC

Symbol: I2S_IRQHandler
   Definitions
      At line 361 in file startup_LPC17xx.s
   Uses
      At line 104 in file startup_LPC17xx.s
      At line 325 in file startup_LPC17xx.s

MCPWM_IRQHandler 000000AC

Symbol: MCPWM_IRQHandler
   Definitions
      At line 364 in file startup_LPC17xx.s
   Uses
      At line 107 in file startup_LPC17xx.s
      At line 328 in file startup_LPC17xx.s



ARM Macro Assembler    Page 4 Alphabetic symbol ordering
Relocatable symbols


MemManage_Handler 0000009E

Symbol: MemManage_Handler
   Definitions
      At line 264 in file startup_LPC17xx.s
   Uses
      At line 63 in file startup_LPC17xx.s
      At line 265 in file startup_LPC17xx.s

NMI_Handler 0000009A

Symbol: NMI_Handler
   Definitions
      At line 254 in file startup_LPC17xx.s
   Uses
      At line 61 in file startup_LPC17xx.s
      At line 255 in file startup_LPC17xx.s

PLL0_IRQHandler 000000AC

Symbol: PLL0_IRQHandler
   Definitions
      At line 350 in file startup_LPC17xx.s
   Uses
      At line 93 in file startup_LPC17xx.s
      At line 314 in file startup_LPC17xx.s

PLL1_IRQHandler 000000AC

Symbol: PLL1_IRQHandler
   Definitions
      At line 366 in file startup_LPC17xx.s
   Uses
      At line 109 in file startup_LPC17xx.s
      At line 330 in file startup_LPC17xx.s

PWM1_IRQHandler 000000AC

Symbol: PWM1_IRQHandler
   Definitions
      At line 343 in file startup_LPC17xx.s
   Uses
      At line 86 in file startup_LPC17xx.s
      At line 307 in file startup_LPC17xx.s

PendSV_Handler 000000A8

Symbol: PendSV_Handler
   Definitions
      At line 287 in file startup_LPC17xx.s
   Uses
      At line 73 in file startup_LPC17xx.s
      At line 288 in file startup_LPC17xx.s

QEI_IRQHandler 000000AC

Symbol: QEI_IRQHandler
   Definitions



ARM Macro Assembler    Page 5 Alphabetic symbol ordering
Relocatable symbols

      At line 365 in file startup_LPC17xx.s
   Uses
      At line 108 in file startup_LPC17xx.s
      At line 329 in file startup_LPC17xx.s

RIT_IRQHandler 000000AC

Symbol: RIT_IRQHandler
   Definitions
      At line 363 in file startup_LPC17xx.s
   Uses
      At line 106 in file startup_LPC17xx.s
      At line 327 in file startup_LPC17xx.s

RTC_IRQHandler 000000AC

Symbol: RTC_IRQHandler
   Definitions
      At line 351 in file startup_LPC17xx.s
   Uses
      At line 94 in file startup_LPC17xx.s
      At line 315 in file startup_LPC17xx.s

Reset_Handler 00000000

Symbol: Reset_Handler
   Definitions
      At line 131 in file startup_LPC17xx.s
   Uses
      At line 60 in file startup_LPC17xx.s
      At line 132 in file startup_LPC17xx.s

SPI_IRQHandler 000000AC

Symbol: SPI_IRQHandler
   Definitions
      At line 347 in file startup_LPC17xx.s
   Uses
      At line 90 in file startup_LPC17xx.s
      At line 311 in file startup_LPC17xx.s

SSP0_IRQHandler 000000AC

Symbol: SSP0_IRQHandler
   Definitions
      At line 348 in file startup_LPC17xx.s
   Uses
      At line 91 in file startup_LPC17xx.s
      At line 312 in file startup_LPC17xx.s

SSP1_IRQHandler 000000AC

Symbol: SSP1_IRQHandler
   Definitions
      At line 349 in file startup_LPC17xx.s
   Uses
      At line 92 in file startup_LPC17xx.s
      At line 313 in file startup_LPC17xx.s




ARM Macro Assembler    Page 6 Alphabetic symbol ordering
Relocatable symbols

SVC_Handler 000000A4

Symbol: SVC_Handler
   Definitions
      At line 278 in file startup_LPC17xx.s
   Uses
      At line 70 in file startup_LPC17xx.s
      At line 279 in file startup_LPC17xx.s

SysTick_Handler 000000AA

Symbol: SysTick_Handler
   Definitions
      At line 291 in file startup_LPC17xx.s
   Uses
      At line 74 in file startup_LPC17xx.s
      At line 292 in file startup_LPC17xx.s

TIMER0_IRQHandler 000000AC

Symbol: TIMER0_IRQHandler
   Definitions
      At line 335 in file startup_LPC17xx.s
   Uses
      At line 78 in file startup_LPC17xx.s
      At line 299 in file startup_LPC17xx.s

TIMER1_IRQHandler 000000AC

Symbol: TIMER1_IRQHandler
   Definitions
      At line 336 in file startup_LPC17xx.s
   Uses
      At line 79 in file startup_LPC17xx.s
      At line 300 in file startup_LPC17xx.s

TIMER2_IRQHandler 000000AC

Symbol: TIMER2_IRQHandler
   Definitions
      At line 337 in file startup_LPC17xx.s
   Uses
      At line 80 in file startup_LPC17xx.s
      At line 301 in file startup_LPC17xx.s

TIMER3_IRQHandler 000000AC

Symbol: TIMER3_IRQHandler
   Definitions
      At line 338 in file startup_LPC17xx.s
   Uses
      At line 81 in file startup_LPC17xx.s
      At line 302 in file startup_LPC17xx.s

UART0_IRQHandler 000000AC

Symbol: UART0_IRQHandler
   Definitions
      At line 339 in file startup_LPC17xx.s



ARM Macro Assembler    Page 7 Alphabetic symbol ordering
Relocatable symbols

   Uses
      At line 82 in file startup_LPC17xx.s
      At line 303 in file startup_LPC17xx.s

UART1_IRQHandler 000000AC

Symbol: UART1_IRQHandler
   Definitions
      At line 340 in file startup_LPC17xx.s
   Uses
      At line 83 in file startup_LPC17xx.s
      At line 304 in file startup_LPC17xx.s

UART2_IRQHandler 000000AC

Symbol: UART2_IRQHandler
   Definitions
      At line 341 in file startup_LPC17xx.s
   Uses
      At line 84 in file startup_LPC17xx.s
      At line 305 in file startup_LPC17xx.s

UART3_IRQHandler 000000AC

Symbol: UART3_IRQHandler
   Definitions
      At line 342 in file startup_LPC17xx.s
   Uses
      At line 85 in file startup_LPC17xx.s
      At line 306 in file startup_LPC17xx.s

USBActivity_IRQHandler 000000AC

Symbol: USBActivity_IRQHandler
   Definitions
      At line 367 in file startup_LPC17xx.s
   Uses
      At line 110 in file startup_LPC17xx.s
      At line 331 in file startup_LPC17xx.s

USB_IRQHandler 000000AC

Symbol: USB_IRQHandler
   Definitions
      At line 358 in file startup_LPC17xx.s
   Uses
      At line 101 in file startup_LPC17xx.s
      At line 322 in file startup_LPC17xx.s

UsageFault_Handler 000000A2

Symbol: UsageFault_Handler
   Definitions
      At line 274 in file startup_LPC17xx.s
   Uses
      At line 65 in file startup_LPC17xx.s
      At line 275 in file startup_LPC17xx.s

WDT_IRQHandler 000000AC



ARM Macro Assembler    Page 8 Alphabetic symbol ordering
Relocatable symbols


Symbol: WDT_IRQHandler
   Definitions
      At line 334 in file startup_LPC17xx.s
   Uses
      At line 77 in file startup_LPC17xx.s
      At line 298 in file startup_LPC17xx.s

__user_initial_stackheap 000000B0

Symbol: __user_initial_stackheap
   Definitions
      At line 390 in file startup_LPC17xx.s
   Uses
      At line 389 in file startup_LPC17xx.s
Comment: __user_initial_stackheap used once
stop 00000098

Symbol: stop
   Definitions
      At line 245 in file startup_LPC17xx.s
   Uses
      At line 245 in file startup_LPC17xx.s
Comment: stop used once
49 symbols



ARM Macro Assembler    Page 1 Alphabetic symbol ordering
Absolute symbols

Heap_Size 00000000

Symbol: Heap_Size
   Definitions
      At line 42 in file startup_LPC17xx.s
   Uses
      At line 46 in file startup_LPC17xx.s
      At line 394 in file startup_LPC17xx.s

Stack_Size 00000200

Symbol: Stack_Size
   Definitions
      At line 31 in file startup_LPC17xx.s
   Uses
      At line 34 in file startup_LPC17xx.s
      At line 393 in file startup_LPC17xx.s

myArea_size 00000018

Symbol: myArea_size
   Definitions
      At line 119 in file startup_LPC17xx.s
   Uses
      At line 122 in file startup_LPC17xx.s
Comment: myArea_size used once
3 symbols
409 symbols in table
