


ARM Macro Assembler    Page 1 


    1 00000000         ;/******************************************************
                       ********************//**
    2 00000000         ; * @file     startup_LPC17xx.s
    3 00000000         ; * @brief    CMSIS Cortex-M3 Core Device Startup File f
                       or
    4 00000000         ; *           NXP LPC17xx Device Series
    5 00000000         ; * @version  V1.10
    6 00000000         ; * @date     06. April 2011
    7 00000000         ; *
    8 00000000         ; * @note
    9 00000000         ; * Copyright (C) 2009-2011 ARM Limited. All rights rese
                       rved.
   10 00000000         ; *
   11 00000000         ; * @par
   12 00000000         ; * ARM Limited (ARM) is supplying this software for use
                        with Cortex-M
   13 00000000         ; * processor based microcontrollers.  This file can be 
                       freely distributed
   14 00000000         ; * within development tools that are supporting such AR
                       M based processors.
   15 00000000         ; *
   16 00000000         ; * @par
   17 00000000         ; * THIS SOFTWARE IS PROVIDED "AS IS".  NO WARRANTIES, W
                       HETHER EXPRESS, IMPLIED
   18 00000000         ; * OR STATUTORY, INCLUDING, BUT NOT LIMITED TO, IMPLIED
                        WARRANTIES OF
   19 00000000         ; * MERCHANTABILITY AND FITNESS FOR A PARTICULAR PURPOSE
                        APPLY TO THIS SOFTWARE.
   20 00000000         ; * ARM SHALL NOT, IN ANY CIRCUMSTANCES, BE LIABLE FOR S
                       PECIAL, INCIDENTAL, OR
   21 00000000         ; * CONSEQUENTIAL DAMAGES, FOR ANY REASON WHATSOEVER.
   22 00000000         ; *
   23 00000000         ; ******************************************************
                       ************************/
   24 00000000         
   25 00000000         ; *------- <<< Use Configuration Wizard in Context Menu 
                       >>> ------------------
   26 00000000         
   27 00000000         ; <h> Stack Configuration
   28 00000000         ;   <o> Stack Size (in Bytes) <0x0-0xFFFFFFFF:8>
   29 00000000         ; </h>
   30 00000000         
   31 00000000 00000200 
                       Stack_Size
                               EQU              0x00000200
   32 00000000         
   33 00000000                 AREA             STACK, NOINIT, READWRITE, ALIGN
=3
   34 00000000         Stack_Mem
                               SPACE            Stack_Size
   35 00000200         __initial_sp
   36 00000200         
   37 00000200         
   38 00000200         ; <h> Heap Configuration
   39 00000200         ;   <o>  Heap Size (in Bytes) <0x0-0xFFFFFFFF:8>
   40 00000200         ; </h>
   41 00000200         
   42 00000200 00000000 
                       Heap_Size



ARM Macro Assembler    Page 2 


                               EQU              0x00000000
   43 00000200         
   44 00000200                 AREA             HEAP, NOINIT, READWRITE, ALIGN=
3
   45 00000000         __heap_base
   46 00000000         Heap_Mem
                               SPACE            Heap_Size
   47 00000000         __heap_limit
   48 00000000         
   49 00000000         
   50 00000000                 PRESERVE8
   51 00000000                 THUMB
   52 00000000         
   53 00000000         
   54 00000000         ; Vector Table Mapped to Address 0 at Reset
   55 00000000         
   56 00000000                 AREA             RESET, DATA, READONLY
   57 00000000                 EXPORT           __Vectors
   58 00000000         
   59 00000000 00000000 
                       __Vectors
                               DCD              __initial_sp ; Top of Stack
   60 00000004 00000000        DCD              Reset_Handler ; Reset Handler
   61 00000008 00000000        DCD              NMI_Handler ; NMI Handler
   62 0000000C 00000000        DCD              HardFault_Handler ; Hard Fault 
                                                            Handler
   63 00000010 00000000        DCD              MemManage_Handler 
                                                            ; MPU Fault Handler
                                                            
   64 00000014 00000000        DCD              BusFault_Handler 
                                                            ; Bus Fault Handler
                                                            
   65 00000018 00000000        DCD              UsageFault_Handler ; Usage Faul
                                                            t Handler
   66 0000001C 00000000        DCD              0           ; Reserved
   67 00000020 00000000        DCD              0           ; Reserved
   68 00000024 00000000        DCD              0           ; Reserved
   69 00000028 00000000        DCD              0           ; Reserved
   70 0000002C 00000000        DCD              SVC_Handler ; SVCall Handler
   71 00000030 00000000        DCD              DebugMon_Handler ; Debug Monito
                                                            r Handler
   72 00000034 00000000        DCD              0           ; Reserved
   73 00000038 00000000        DCD              PendSV_Handler ; PendSV Handler
                                                            
   74 0000003C 00000000        DCD              SysTick_Handler 
                                                            ; SysTick Handler
   75 00000040         
   76 00000040         ; External Interrupts
   77 00000040 00000000        DCD              WDT_IRQHandler ; 16: Watchdog T
                                                            imer
   78 00000044 00000000        DCD              TIMER0_IRQHandler ; 17: Timer0
   79 00000048 00000000        DCD              TIMER1_IRQHandler ; 18: Timer1
   80 0000004C 00000000        DCD              TIMER2_IRQHandler ; 19: Timer2
   81 00000050 00000000        DCD              TIMER3_IRQHandler ; 20: Timer3
   82 00000054 00000000        DCD              UART0_IRQHandler ; 21: UART0
   83 00000058 00000000        DCD              UART1_IRQHandler ; 22: UART1
   84 0000005C 00000000        DCD              UART2_IRQHandler ; 23: UART2
   85 00000060 00000000        DCD              UART3_IRQHandler ; 24: UART3
   86 00000064 00000000        DCD              PWM1_IRQHandler ; 25: PWM1



ARM Macro Assembler    Page 3 


   87 00000068 00000000        DCD              I2C0_IRQHandler ; 26: I2C0
   88 0000006C 00000000        DCD              I2C1_IRQHandler ; 27: I2C1
   89 00000070 00000000        DCD              I2C2_IRQHandler ; 28: I2C2
   90 00000074 00000000        DCD              SPI_IRQHandler ; 29: SPI
   91 00000078 00000000        DCD              SSP0_IRQHandler ; 30: SSP0
   92 0000007C 00000000        DCD              SSP1_IRQHandler ; 31: SSP1
   93 00000080 00000000        DCD              PLL0_IRQHandler ; 32: PLL0 Lock
                                                             (Main PLL)
   94 00000084 00000000        DCD              RTC_IRQHandler ; 33: Real Time 
                                                            Clock
   95 00000088 00000000        DCD              EINT0_IRQHandler ; 34: External
                                                             Interrupt 0
   96 0000008C 00000000        DCD              EINT1_IRQHandler ; 35: External
                                                             Interrupt 1
   97 00000090 00000000        DCD              EINT2_IRQHandler ; 36: External
                                                             Interrupt 2
   98 00000094 00000000        DCD              EINT3_IRQHandler ; 37: External
                                                             Interrupt 3
   99 00000098 00000000        DCD              ADC_IRQHandler 
                                                            ; 38: A/D Converter
                                                            
  100 0000009C 00000000        DCD              BOD_IRQHandler ; 39: Brown-Out 
                                                            Detect
  101 000000A0 00000000        DCD              USB_IRQHandler ; 40: USB
  102 000000A4 00000000        DCD              CAN_IRQHandler ; 41: CAN
  103 000000A8 00000000        DCD              DMA_IRQHandler ; 42: General Pu
                                                            rpose DMA
  104 000000AC 00000000        DCD              I2S_IRQHandler ; 43: I2S
  105 000000B0 00000000        DCD              ENET_IRQHandler ; 44: Ethernet
  106 000000B4 00000000        DCD              RIT_IRQHandler ; 45: Repetitive
                                                             Interrupt Timer
  107 000000B8 00000000        DCD              MCPWM_IRQHandler ; 46: Motor Co
                                                            ntrol PWM
  108 000000BC 00000000        DCD              QEI_IRQHandler ; 47: Quadrature
                                                             Encoder Interface
  109 000000C0 00000000        DCD              PLL1_IRQHandler ; 48: PLL1 Lock
                                                             (USB PLL)
  110 000000C4 00000000        DCD              USBActivity_IRQHandler ; 49: US
                                                            B Activity interrup
                                                            t to wakeup
  111 000000C8 00000000        DCD              CANActivity_IRQHandler ; 50: CA
                                                            N Activity interrup
                                                            t to wakeup
  112 000000CC         
  113 000000CC         
  114 000000CC                 IF               :LNOT::DEF:NO_CRP
  115 000000CC                 AREA             |.ARM.__at_0x02FC|, CODE, READO
NLY
  116 00000000 FFFFFFFF 
                       CRP_Key DCD              0xFFFFFFFF
  117 00000004                 ENDIF
  118 00000004         
  119 00000004         
  120 00000004 00000018 
                       myArea_size
                               EQU              0x00000018
  121 00000004         
  122 00000004                 AREA             myArea, NOINIT, READWRITE
  123 00000000         myArea_mem



ARM Macro Assembler    Page 4 


                               SPACE            myArea_size
  124 00000018         myArea_p
  125 00000018         
  126 00000018                 AREA             |.text|, CODE, READONLY
  127 00000000         
  128 00000000         ; Reset Handler
  129 00000000         
  130 00000000         Reset_Handler
                               PROC
  131 00000000                 EXPORT           Reset_Handler             [WEAK
]
  132 00000000         
  133 00000000         ;;;;;;;;;;;;;;;;;;;;;;;;;;;;;;;;;;;;;;;;;;;;;;;;;;;;;;;;
                       ;;;;;;;;
  134 00000000         ; LAB04 EX2
  135 00000000         ;
  136 00000000         ; Implementation of <USAD8 r5, r0, r1>.    
  137 00000000         ; In this code is used the RAM as a temporary storage. I
                       t could
  138 00000000         ; be possible to use only registers (they're used in the
                        Ex3 of
  139 00000000         ; the same lab in order to exploit two different approac
                       hes).
  140 00000000         ;;;;;;;;;;;;;;;;;;;;;;;;;;;;;;;;;;;;;;;;;;;;;;;;;;;;;;;;
                       ;;;;;;;;
  141 00000000         
  142 00000000        0 
                       op1     RN               0
  143 00000000        1 
                       op2     RN               1
  144 00000000        3 
                       areaindex
                               RN               3
  145 00000000        4 
                       counter RN               4
  146 00000000        5 
                       res     RN               5
  147 00000000         
  148 00000000 4B1B            LDR              areaindex, =myArea_p
  149 00000002 F04F 0B00       MOV              r11, #0
  150 00000006         
  151 00000006 481B            LDR              op1, =0x7030458D ; Load first o
                                                            perand
  152 00000008 491B            LDR              op2, =0x03159EAA ; and the seco
                                                            nd one
  153 0000000A         
  154 0000000A F843 0B04       STR              op1, [areaindex], #4 ; Store it
                                                             in the RAM, the in
                                                            crement by a WORD
  155 0000000E F843 1B04       STR              op2, [areaindex], #4 ; ----
  156 00000012         
  157 00000012 F04F 0403       MOV              counter, #3
  158 00000016         
  159 00000016         loop
  160 00000016 F813 6C08       LDRB             r6, [areaindex, #-8] ; Read byt
                                                            e-by-byte from the 
                                                            RAM
  161 0000001A F813 7C04       LDRB             r7, [areaindex, #-4]
  162 0000001E         



ARM Macro Assembler    Page 5 


  163 0000001E 1BF5            SUBS             res, r6, r7 ; Caculate the abso
                                                            lute 
  164 00000020 BF48 426D       NEGMI            res, res    ; value of the sub
  165 00000024         
  166 00000024 F803 5B01       STRB             res, [areaindex], #1 ; Store it
                                                             in the correspondi
                                                            ng cell
  167 00000028         
  168 00000028 B114            CBZ              counter, result
  169 0000002A F104 34FF       ADD              counter, #-1
  170 0000002E E7F2            B                loop
  171 00000030         
  172 00000030         result                               ; Do the summation 
                                                            over the single byt
                                                            es
  173 00000030 F04F 0500       MOV              res, #0
  174 00000034 F813 CC04       LDRB             r12, [areaindex, #-4]
  175 00000038 4465            ADD              res, res, r12
  176 0000003A F813 CC03       LDRB             r12, [areaindex, #-3]
  177 0000003E 4465            ADD              res, res, r12
  178 00000040 F813 CC02       LDRB             r12, [areaindex, #-2]
  179 00000044 4465            ADD              res, res, r12
  180 00000046 F813 CC01       LDRB             r12, [areaindex, #-1]
  181 0000004A 4465            ADD              res, res, r12
  182 0000004C         
  183 0000004C E7FE    stop    B                stop
  184 0000004E                 ENDP
  185 0000004E         
  186 0000004E         
  187 0000004E         ; Dummy Exception Handlers (infinite loops which can be 
                       modified)
  188 0000004E         
  189 0000004E         NMI_Handler
                               PROC
  190 0000004E                 EXPORT           NMI_Handler               [WEAK
]
  191 0000004E E7FE            B                .
  192 00000050                 ENDP
  194 00000050         HardFault_Handler
                               PROC
  195 00000050                 EXPORT           HardFault_Handler         [WEAK
]
  196 00000050 E7FE            B                .
  197 00000052                 ENDP
  199 00000052         MemManage_Handler
                               PROC
  200 00000052                 EXPORT           MemManage_Handler         [WEAK
]
  201 00000052 E7FE            B                .
  202 00000054                 ENDP
  204 00000054         BusFault_Handler
                               PROC
  205 00000054                 EXPORT           BusFault_Handler          [WEAK
]
  206 00000054 E7FE            B                .
  207 00000056                 ENDP
  209 00000056         UsageFault_Handler
                               PROC
  210 00000056                 EXPORT           UsageFault_Handler        [WEAK



ARM Macro Assembler    Page 6 


]
  211 00000056 E7FE            B                .
  212 00000058                 ENDP
  213 00000058         SVC_Handler
                               PROC
  214 00000058                 EXPORT           SVC_Handler               [WEAK
]
  215 00000058 E7FE            B                .
  216 0000005A                 ENDP
  218 0000005A         DebugMon_Handler
                               PROC
  219 0000005A                 EXPORT           DebugMon_Handler          [WEAK
]
  220 0000005A E7FE            B                .
  221 0000005C                 ENDP
  222 0000005C         PendSV_Handler
                               PROC
  223 0000005C                 EXPORT           PendSV_Handler            [WEAK
]
  224 0000005C E7FE            B                .
  225 0000005E                 ENDP
  226 0000005E         SysTick_Handler
                               PROC
  227 0000005E                 EXPORT           SysTick_Handler           [WEAK
]
  228 0000005E E7FE            B                .
  229 00000060                 ENDP
  230 00000060         
  231 00000060         Default_Handler
                               PROC
  232 00000060         
  233 00000060                 EXPORT           WDT_IRQHandler            [WEAK
]
  234 00000060                 EXPORT           TIMER0_IRQHandler         [WEAK
]
  235 00000060                 EXPORT           TIMER1_IRQHandler         [WEAK
]
  236 00000060                 EXPORT           TIMER2_IRQHandler         [WEAK
]
  237 00000060                 EXPORT           TIMER3_IRQHandler         [WEAK
]
  238 00000060                 EXPORT           UART0_IRQHandler          [WEAK
]
  239 00000060                 EXPORT           UART1_IRQHandler          [WEAK
]
  240 00000060                 EXPORT           UART2_IRQHandler          [WEAK
]
  241 00000060                 EXPORT           UART3_IRQHandler          [WEAK
]
  242 00000060                 EXPORT           PWM1_IRQHandler           [WEAK
]
  243 00000060                 EXPORT           I2C0_IRQHandler           [WEAK
]
  244 00000060                 EXPORT           I2C1_IRQHandler           [WEAK
]
  245 00000060                 EXPORT           I2C2_IRQHandler           [WEAK
]
  246 00000060                 EXPORT           SPI_IRQHandler            [WEAK
]



ARM Macro Assembler    Page 7 


  247 00000060                 EXPORT           SSP0_IRQHandler           [WEAK
]
  248 00000060                 EXPORT           SSP1_IRQHandler           [WEAK
]
  249 00000060                 EXPORT           PLL0_IRQHandler           [WEAK
]
  250 00000060                 EXPORT           RTC_IRQHandler            [WEAK
]
  251 00000060                 EXPORT           EINT0_IRQHandler          [WEAK
]
  252 00000060                 EXPORT           EINT1_IRQHandler          [WEAK
]
  253 00000060                 EXPORT           EINT2_IRQHandler          [WEAK
]
  254 00000060                 EXPORT           EINT3_IRQHandler          [WEAK
]
  255 00000060                 EXPORT           ADC_IRQHandler            [WEAK
]
  256 00000060                 EXPORT           BOD_IRQHandler            [WEAK
]
  257 00000060                 EXPORT           USB_IRQHandler            [WEAK
]
  258 00000060                 EXPORT           CAN_IRQHandler            [WEAK
]
  259 00000060                 EXPORT           DMA_IRQHandler            [WEAK
]
  260 00000060                 EXPORT           I2S_IRQHandler            [WEAK
]
  261 00000060                 EXPORT           ENET_IRQHandler           [WEAK
]
  262 00000060                 EXPORT           RIT_IRQHandler            [WEAK
]
  263 00000060                 EXPORT           MCPWM_IRQHandler          [WEAK
]
  264 00000060                 EXPORT           QEI_IRQHandler            [WEAK
]
  265 00000060                 EXPORT           PLL1_IRQHandler           [WEAK
]
  266 00000060                 EXPORT           USBActivity_IRQHandler    [WEAK
]
  267 00000060                 EXPORT           CANActivity_IRQHandler    [WEAK
]
  268 00000060         
  269 00000060         WDT_IRQHandler
  270 00000060         TIMER0_IRQHandler
  271 00000060         TIMER1_IRQHandler
  272 00000060         TIMER2_IRQHandler
  273 00000060         TIMER3_IRQHandler
  274 00000060         UART0_IRQHandler
  275 00000060         UART1_IRQHandler
  276 00000060         UART2_IRQHandler
  277 00000060         UART3_IRQHandler
  278 00000060         PWM1_IRQHandler
  279 00000060         I2C0_IRQHandler
  280 00000060         I2C1_IRQHandler
  281 00000060         I2C2_IRQHandler
  282 00000060         SPI_IRQHandler
  283 00000060         SSP0_IRQHandler
  284 00000060         SSP1_IRQHandler



ARM Macro Assembler    Page 8 


  285 00000060         PLL0_IRQHandler
  286 00000060         RTC_IRQHandler
  287 00000060         EINT0_IRQHandler
  288 00000060         EINT1_IRQHandler
  289 00000060         EINT2_IRQHandler
  290 00000060         EINT3_IRQHandler
  291 00000060         ADC_IRQHandler
  292 00000060         BOD_IRQHandler
  293 00000060         USB_IRQHandler
  294 00000060         CAN_IRQHandler
  295 00000060         DMA_IRQHandler
  296 00000060         I2S_IRQHandler
  297 00000060         ENET_IRQHandler
  298 00000060         RIT_IRQHandler
  299 00000060         MCPWM_IRQHandler
  300 00000060         QEI_IRQHandler
  301 00000060         PLL1_IRQHandler
  302 00000060         USBActivity_IRQHandler
  303 00000060         CANActivity_IRQHandler
  304 00000060         
  305 00000060 E7FE            B                .
  306 00000062         
  307 00000062                 ENDP
  308 00000062         
  309 00000062         
  310 00000062 00 00           ALIGN
  311 00000064         
  312 00000064         
  313 00000064         ; User Initial Stack & Heap
  314 00000064         
  315 00000064                 IF               :DEF:__MICROLIB
  322 00000064         
  323 00000064         ;IMPORT  __use_two_region_memory
  324 00000064                 EXPORT           __user_initial_stackheap
  325 00000064         __user_initial_stackheap
  326 00000064         
  327 00000064 4805            LDR              R0, =  Heap_Mem
  328 00000066 4906            LDR              R1, =(Stack_Mem + Stack_Size)
  329 00000068 4A04            LDR              R2, = (Heap_Mem +  Heap_Size)
  330 0000006A 4B06            LDR              R3, = Stack_Mem
  331 0000006C 4770            BX               LR
  332 0000006E         
  333 0000006E 00 00           ALIGN
  334 00000070         
  335 00000070                 ENDIF
  336 00000070         
  337 00000070         
  338 00000070                 END
              00000000 
              7030458D 
              03159EAA 
              00000000 
              00000200 
              00000000 
Command Line: --debug --xref --cpu=Cortex-M3 --apcs=interwork --depend=.\startu
p_lpc17xx.d -o.\startup_lpc17xx.o -IC:\Keil\ARM\RV31\INC -IC:\Keil\ARM\CMSIS\In
clude -IC:\Keil\ARM\Inc\NXP\LPC17xx --predefine="__EVAL SETA 1" --list=.\startu
p_lpc17xx.lst startup_LPC17xx.s



ARM Macro Assembler    Page 1 Alphabetic symbol ordering
Relocatable symbols

STACK 00000000

Symbol: STACK
   Definitions
      At line 33 in file startup_LPC17xx.s
   Uses
      None
Comment: STACK unused
Stack_Mem 00000000

Symbol: Stack_Mem
   Definitions
      At line 34 in file startup_LPC17xx.s
   Uses
      At line 328 in file startup_LPC17xx.s
      At line 330 in file startup_LPC17xx.s

__initial_sp 00000200

Symbol: __initial_sp
   Definitions
      At line 35 in file startup_LPC17xx.s
   Uses
      At line 59 in file startup_LPC17xx.s
Comment: __initial_sp used once
3 symbols



ARM Macro Assembler    Page 1 Alphabetic symbol ordering
Relocatable symbols

HEAP 00000000

Symbol: HEAP
   Definitions
      At line 44 in file startup_LPC17xx.s
   Uses
      None
Comment: HEAP unused
Heap_Mem 00000000

Symbol: Heap_Mem
   Definitions
      At line 46 in file startup_LPC17xx.s
   Uses
      At line 327 in file startup_LPC17xx.s
      At line 329 in file startup_LPC17xx.s

__heap_base 00000000

Symbol: __heap_base
   Definitions
      At line 45 in file startup_LPC17xx.s
   Uses
      None
Comment: __heap_base unused
__heap_limit 00000000

Symbol: __heap_limit
   Definitions
      At line 47 in file startup_LPC17xx.s
   Uses
      None
Comment: __heap_limit unused
4 symbols



ARM Macro Assembler    Page 1 Alphabetic symbol ordering
Relocatable symbols

RESET 00000000

Symbol: RESET
   Definitions
      At line 56 in file startup_LPC17xx.s
   Uses
      None
Comment: RESET unused
__Vectors 00000000

Symbol: __Vectors
   Definitions
      At line 59 in file startup_LPC17xx.s
   Uses
      At line 57 in file startup_LPC17xx.s
Comment: __Vectors used once
2 symbols



ARM Macro Assembler    Page 1 Alphabetic symbol ordering
Relocatable symbols

.ARM.__at_0x02FC 00000000

Symbol: .ARM.__at_0x02FC
   Definitions
      At line 115 in file startup_LPC17xx.s
   Uses
      None
Comment: .ARM.__at_0x02FC unused
CRP_Key 00000000

Symbol: CRP_Key
   Definitions
      At line 116 in file startup_LPC17xx.s
   Uses
      None
Comment: CRP_Key unused
2 symbols



ARM Macro Assembler    Page 1 Alphabetic symbol ordering
Relocatable symbols

myArea 00000000

Symbol: myArea
   Definitions
      At line 122 in file startup_LPC17xx.s
   Uses
      None
Comment: myArea unused
myArea_mem 00000000

Symbol: myArea_mem
   Definitions
      At line 123 in file startup_LPC17xx.s
   Uses
      None
Comment: myArea_mem unused
myArea_p 00000018

Symbol: myArea_p
   Definitions
      At line 124 in file startup_LPC17xx.s
   Uses
      At line 148 in file startup_LPC17xx.s
Comment: myArea_p used once
3 symbols



ARM Macro Assembler    Page 1 Alphabetic symbol ordering
Relocatable symbols

.text 00000000

Symbol: .text
   Definitions
      At line 126 in file startup_LPC17xx.s
   Uses
      None
Comment: .text unused
ADC_IRQHandler 00000060

Symbol: ADC_IRQHandler
   Definitions
      At line 291 in file startup_LPC17xx.s
   Uses
      At line 99 in file startup_LPC17xx.s
      At line 255 in file startup_LPC17xx.s

BOD_IRQHandler 00000060

Symbol: BOD_IRQHandler
   Definitions
      At line 292 in file startup_LPC17xx.s
   Uses
      At line 100 in file startup_LPC17xx.s
      At line 256 in file startup_LPC17xx.s

BusFault_Handler 00000054

Symbol: BusFault_Handler
   Definitions
      At line 204 in file startup_LPC17xx.s
   Uses
      At line 64 in file startup_LPC17xx.s
      At line 205 in file startup_LPC17xx.s

CANActivity_IRQHandler 00000060

Symbol: CANActivity_IRQHandler
   Definitions
      At line 303 in file startup_LPC17xx.s
   Uses
      At line 111 in file startup_LPC17xx.s
      At line 267 in file startup_LPC17xx.s

CAN_IRQHandler 00000060

Symbol: CAN_IRQHandler
   Definitions
      At line 294 in file startup_LPC17xx.s
   Uses
      At line 102 in file startup_LPC17xx.s
      At line 258 in file startup_LPC17xx.s

DMA_IRQHandler 00000060

Symbol: DMA_IRQHandler
   Definitions
      At line 295 in file startup_LPC17xx.s
   Uses



ARM Macro Assembler    Page 2 Alphabetic symbol ordering
Relocatable symbols

      At line 103 in file startup_LPC17xx.s
      At line 259 in file startup_LPC17xx.s

DebugMon_Handler 0000005A

Symbol: DebugMon_Handler
   Definitions
      At line 218 in file startup_LPC17xx.s
   Uses
      At line 71 in file startup_LPC17xx.s
      At line 219 in file startup_LPC17xx.s

Default_Handler 00000060

Symbol: Default_Handler
   Definitions
      At line 231 in file startup_LPC17xx.s
   Uses
      None
Comment: Default_Handler unused
EINT0_IRQHandler 00000060

Symbol: EINT0_IRQHandler
   Definitions
      At line 287 in file startup_LPC17xx.s
   Uses
      At line 95 in file startup_LPC17xx.s
      At line 251 in file startup_LPC17xx.s

EINT1_IRQHandler 00000060

Symbol: EINT1_IRQHandler
   Definitions
      At line 288 in file startup_LPC17xx.s
   Uses
      At line 96 in file startup_LPC17xx.s
      At line 252 in file startup_LPC17xx.s

EINT2_IRQHandler 00000060

Symbol: EINT2_IRQHandler
   Definitions
      At line 289 in file startup_LPC17xx.s
   Uses
      At line 97 in file startup_LPC17xx.s
      At line 253 in file startup_LPC17xx.s

EINT3_IRQHandler 00000060

Symbol: EINT3_IRQHandler
   Definitions
      At line 290 in file startup_LPC17xx.s
   Uses
      At line 98 in file startup_LPC17xx.s
      At line 254 in file startup_LPC17xx.s

ENET_IRQHandler 00000060

Symbol: ENET_IRQHandler



ARM Macro Assembler    Page 3 Alphabetic symbol ordering
Relocatable symbols

   Definitions
      At line 297 in file startup_LPC17xx.s
   Uses
      At line 105 in file startup_LPC17xx.s
      At line 261 in file startup_LPC17xx.s

HardFault_Handler 00000050

Symbol: HardFault_Handler
   Definitions
      At line 194 in file startup_LPC17xx.s
   Uses
      At line 62 in file startup_LPC17xx.s
      At line 195 in file startup_LPC17xx.s

I2C0_IRQHandler 00000060

Symbol: I2C0_IRQHandler
   Definitions
      At line 279 in file startup_LPC17xx.s
   Uses
      At line 87 in file startup_LPC17xx.s
      At line 243 in file startup_LPC17xx.s

I2C1_IRQHandler 00000060

Symbol: I2C1_IRQHandler
   Definitions
      At line 280 in file startup_LPC17xx.s
   Uses
      At line 88 in file startup_LPC17xx.s
      At line 244 in file startup_LPC17xx.s

I2C2_IRQHandler 00000060

Symbol: I2C2_IRQHandler
   Definitions
      At line 281 in file startup_LPC17xx.s
   Uses
      At line 89 in file startup_LPC17xx.s
      At line 245 in file startup_LPC17xx.s

I2S_IRQHandler 00000060

Symbol: I2S_IRQHandler
   Definitions
      At line 296 in file startup_LPC17xx.s
   Uses
      At line 104 in file startup_LPC17xx.s
      At line 260 in file startup_LPC17xx.s

MCPWM_IRQHandler 00000060

Symbol: MCPWM_IRQHandler
   Definitions
      At line 299 in file startup_LPC17xx.s
   Uses
      At line 107 in file startup_LPC17xx.s
      At line 263 in file startup_LPC17xx.s



ARM Macro Assembler    Page 4 Alphabetic symbol ordering
Relocatable symbols


MemManage_Handler 00000052

Symbol: MemManage_Handler
   Definitions
      At line 199 in file startup_LPC17xx.s
   Uses
      At line 63 in file startup_LPC17xx.s
      At line 200 in file startup_LPC17xx.s

NMI_Handler 0000004E

Symbol: NMI_Handler
   Definitions
      At line 189 in file startup_LPC17xx.s
   Uses
      At line 61 in file startup_LPC17xx.s
      At line 190 in file startup_LPC17xx.s

PLL0_IRQHandler 00000060

Symbol: PLL0_IRQHandler
   Definitions
      At line 285 in file startup_LPC17xx.s
   Uses
      At line 93 in file startup_LPC17xx.s
      At line 249 in file startup_LPC17xx.s

PLL1_IRQHandler 00000060

Symbol: PLL1_IRQHandler
   Definitions
      At line 301 in file startup_LPC17xx.s
   Uses
      At line 109 in file startup_LPC17xx.s
      At line 265 in file startup_LPC17xx.s

PWM1_IRQHandler 00000060

Symbol: PWM1_IRQHandler
   Definitions
      At line 278 in file startup_LPC17xx.s
   Uses
      At line 86 in file startup_LPC17xx.s
      At line 242 in file startup_LPC17xx.s

PendSV_Handler 0000005C

Symbol: PendSV_Handler
   Definitions
      At line 222 in file startup_LPC17xx.s
   Uses
      At line 73 in file startup_LPC17xx.s
      At line 223 in file startup_LPC17xx.s

QEI_IRQHandler 00000060

Symbol: QEI_IRQHandler
   Definitions



ARM Macro Assembler    Page 5 Alphabetic symbol ordering
Relocatable symbols

      At line 300 in file startup_LPC17xx.s
   Uses
      At line 108 in file startup_LPC17xx.s
      At line 264 in file startup_LPC17xx.s

RIT_IRQHandler 00000060

Symbol: RIT_IRQHandler
   Definitions
      At line 298 in file startup_LPC17xx.s
   Uses
      At line 106 in file startup_LPC17xx.s
      At line 262 in file startup_LPC17xx.s

RTC_IRQHandler 00000060

Symbol: RTC_IRQHandler
   Definitions
      At line 286 in file startup_LPC17xx.s
   Uses
      At line 94 in file startup_LPC17xx.s
      At line 250 in file startup_LPC17xx.s

Reset_Handler 00000000

Symbol: Reset_Handler
   Definitions
      At line 130 in file startup_LPC17xx.s
   Uses
      At line 60 in file startup_LPC17xx.s
      At line 131 in file startup_LPC17xx.s

SPI_IRQHandler 00000060

Symbol: SPI_IRQHandler
   Definitions
      At line 282 in file startup_LPC17xx.s
   Uses
      At line 90 in file startup_LPC17xx.s
      At line 246 in file startup_LPC17xx.s

SSP0_IRQHandler 00000060

Symbol: SSP0_IRQHandler
   Definitions
      At line 283 in file startup_LPC17xx.s
   Uses
      At line 91 in file startup_LPC17xx.s
      At line 247 in file startup_LPC17xx.s

SSP1_IRQHandler 00000060

Symbol: SSP1_IRQHandler
   Definitions
      At line 284 in file startup_LPC17xx.s
   Uses
      At line 92 in file startup_LPC17xx.s
      At line 248 in file startup_LPC17xx.s




ARM Macro Assembler    Page 6 Alphabetic symbol ordering
Relocatable symbols

SVC_Handler 00000058

Symbol: SVC_Handler
   Definitions
      At line 213 in file startup_LPC17xx.s
   Uses
      At line 70 in file startup_LPC17xx.s
      At line 214 in file startup_LPC17xx.s

SysTick_Handler 0000005E

Symbol: SysTick_Handler
   Definitions
      At line 226 in file startup_LPC17xx.s
   Uses
      At line 74 in file startup_LPC17xx.s
      At line 227 in file startup_LPC17xx.s

TIMER0_IRQHandler 00000060

Symbol: TIMER0_IRQHandler
   Definitions
      At line 270 in file startup_LPC17xx.s
   Uses
      At line 78 in file startup_LPC17xx.s
      At line 234 in file startup_LPC17xx.s

TIMER1_IRQHandler 00000060

Symbol: TIMER1_IRQHandler
   Definitions
      At line 271 in file startup_LPC17xx.s
   Uses
      At line 79 in file startup_LPC17xx.s
      At line 235 in file startup_LPC17xx.s

TIMER2_IRQHandler 00000060

Symbol: TIMER2_IRQHandler
   Definitions
      At line 272 in file startup_LPC17xx.s
   Uses
      At line 80 in file startup_LPC17xx.s
      At line 236 in file startup_LPC17xx.s

TIMER3_IRQHandler 00000060

Symbol: TIMER3_IRQHandler
   Definitions
      At line 273 in file startup_LPC17xx.s
   Uses
      At line 81 in file startup_LPC17xx.s
      At line 237 in file startup_LPC17xx.s

UART0_IRQHandler 00000060

Symbol: UART0_IRQHandler
   Definitions
      At line 274 in file startup_LPC17xx.s



ARM Macro Assembler    Page 7 Alphabetic symbol ordering
Relocatable symbols

   Uses
      At line 82 in file startup_LPC17xx.s
      At line 238 in file startup_LPC17xx.s

UART1_IRQHandler 00000060

Symbol: UART1_IRQHandler
   Definitions
      At line 275 in file startup_LPC17xx.s
   Uses
      At line 83 in file startup_LPC17xx.s
      At line 239 in file startup_LPC17xx.s

UART2_IRQHandler 00000060

Symbol: UART2_IRQHandler
   Definitions
      At line 276 in file startup_LPC17xx.s
   Uses
      At line 84 in file startup_LPC17xx.s
      At line 240 in file startup_LPC17xx.s

UART3_IRQHandler 00000060

Symbol: UART3_IRQHandler
   Definitions
      At line 277 in file startup_LPC17xx.s
   Uses
      At line 85 in file startup_LPC17xx.s
      At line 241 in file startup_LPC17xx.s

USBActivity_IRQHandler 00000060

Symbol: USBActivity_IRQHandler
   Definitions
      At line 302 in file startup_LPC17xx.s
   Uses
      At line 110 in file startup_LPC17xx.s
      At line 266 in file startup_LPC17xx.s

USB_IRQHandler 00000060

Symbol: USB_IRQHandler
   Definitions
      At line 293 in file startup_LPC17xx.s
   Uses
      At line 101 in file startup_LPC17xx.s
      At line 257 in file startup_LPC17xx.s

UsageFault_Handler 00000056

Symbol: UsageFault_Handler
   Definitions
      At line 209 in file startup_LPC17xx.s
   Uses
      At line 65 in file startup_LPC17xx.s
      At line 210 in file startup_LPC17xx.s

WDT_IRQHandler 00000060



ARM Macro Assembler    Page 8 Alphabetic symbol ordering
Relocatable symbols


Symbol: WDT_IRQHandler
   Definitions
      At line 269 in file startup_LPC17xx.s
   Uses
      At line 77 in file startup_LPC17xx.s
      At line 233 in file startup_LPC17xx.s

__user_initial_stackheap 00000064

Symbol: __user_initial_stackheap
   Definitions
      At line 325 in file startup_LPC17xx.s
   Uses
      At line 324 in file startup_LPC17xx.s
Comment: __user_initial_stackheap used once
loop 00000016

Symbol: loop
   Definitions
      At line 159 in file startup_LPC17xx.s
   Uses
      At line 170 in file startup_LPC17xx.s
Comment: loop used once
result 00000030

Symbol: result
   Definitions
      At line 172 in file startup_LPC17xx.s
   Uses
      At line 168 in file startup_LPC17xx.s
Comment: result used once
stop 0000004C

Symbol: stop
   Definitions
      At line 183 in file startup_LPC17xx.s
   Uses
      At line 183 in file startup_LPC17xx.s
Comment: stop used once
51 symbols



ARM Macro Assembler    Page 1 Alphabetic symbol ordering
Absolute symbols

Heap_Size 00000000

Symbol: Heap_Size
   Definitions
      At line 42 in file startup_LPC17xx.s
   Uses
      At line 46 in file startup_LPC17xx.s
      At line 329 in file startup_LPC17xx.s

Stack_Size 00000200

Symbol: Stack_Size
   Definitions
      At line 31 in file startup_LPC17xx.s
   Uses
      At line 34 in file startup_LPC17xx.s
      At line 328 in file startup_LPC17xx.s

myArea_size 00000018

Symbol: myArea_size
   Definitions
      At line 120 in file startup_LPC17xx.s
   Uses
      At line 123 in file startup_LPC17xx.s
Comment: myArea_size used once
3 symbols
410 symbols in table
