


ARM Macro Assembler    Page 1 


    1 00000000         ;/******************************************************
                       ********************//**
    2 00000000         ; * @file     startup_LPC17xx.s
    3 00000000         ; * @brief    CMSIS Cortex-M3 Core Device Startup File f
                       or
    4 00000000         ; *           NXP LPC17xx Device Series
    5 00000000         ; * @version  V1.10
    6 00000000         ; * @date     06. April 2011
    7 00000000         ; *
    8 00000000         ; * @note
    9 00000000         ; * Copyright (C) 2009-2011 ARM Limited. All rights rese
                       rved.
   10 00000000         ; *
   11 00000000         ; * @par
   12 00000000         ; * ARM Limited (ARM) is supplying this software for use
                        with Cortex-M
   13 00000000         ; * processor based microcontrollers.  This file can be 
                       freely distributed
   14 00000000         ; * within development tools that are supporting such AR
                       M based processors.
   15 00000000         ; *
   16 00000000         ; * @par
   17 00000000         ; * THIS SOFTWARE IS PROVIDED "AS IS".  NO WARRANTIES, W
                       HETHER EXPRESS, IMPLIED
   18 00000000         ; * OR STATUTORY, INCLUDING, BUT NOT LIMITED TO, IMPLIED
                        WARRANTIES OF
   19 00000000         ; * MERCHANTABILITY AND FITNESS FOR A PARTICULAR PURPOSE
                        APPLY TO THIS SOFTWARE.
   20 00000000         ; * ARM SHALL NOT, IN ANY CIRCUMSTANCES, BE LIABLE FOR S
                       PECIAL, INCIDENTAL, OR
   21 00000000         ; * CONSEQUENTIAL DAMAGES, FOR ANY REASON WHATSOEVER.
   22 00000000         ; *
   23 00000000         ; ******************************************************
                       ************************/
   24 00000000         
   25 00000000         ; *------- <<< Use Configuration Wizard in Context Menu 
                       >>> ------------------
   26 00000000         
   27 00000000         ; <h> Stack Configuration
   28 00000000         ;   <o> Stack Size (in Bytes) <0x0-0xFFFFFFFF:8>
   29 00000000         ; </h>
   30 00000000         
   31 00000000 00000200 
                       Stack_Size
                               EQU              0x00000200
   32 00000000         
   33 00000000                 AREA             STACK, NOINIT, READWRITE, ALIGN
=3
   34 00000000         Stack_Mem
                               SPACE            Stack_Size
   35 00000200         __initial_sp
   36 00000200         
   37 00000200         
   38 00000200         ; <h> Heap Configuration
   39 00000200         ;   <o>  Heap Size (in Bytes) <0x0-0xFFFFFFFF:8>
   40 00000200         ; </h>
   41 00000200         
   42 00000200 00000000 
                       Heap_Size



ARM Macro Assembler    Page 2 


                               EQU              0x00000000
   43 00000200         
   44 00000200                 AREA             HEAP, NOINIT, READWRITE, ALIGN=
3
   45 00000000         __heap_base
   46 00000000         Heap_Mem
                               SPACE            Heap_Size
   47 00000000         __heap_limit
   48 00000000         
   49 00000000         
   50 00000000                 PRESERVE8
   51 00000000                 THUMB
   52 00000000         
   53 00000000         
   54 00000000         ; Vector Table Mapped to Address 0 at Reset
   55 00000000         
   56 00000000                 AREA             RESET, DATA, READONLY
   57 00000000                 EXPORT           __Vectors
   58 00000000         
   59 00000000 00000000 
                       __Vectors
                               DCD              __initial_sp ; Top of Stack
   60 00000004 00000000        DCD              Reset_Handler ; Reset Handler
   61 00000008 00000000        DCD              NMI_Handler ; NMI Handler
   62 0000000C 00000000        DCD              HardFault_Handler ; Hard Fault 
                                                            Handler
   63 00000010 00000000        DCD              MemManage_Handler 
                                                            ; MPU Fault Handler
                                                            
   64 00000014 00000000        DCD              BusFault_Handler 
                                                            ; Bus Fault Handler
                                                            
   65 00000018 00000000        DCD              UsageFault_Handler ; Usage Faul
                                                            t Handler
   66 0000001C 00000000        DCD              0           ; Reserved
   67 00000020 00000000        DCD              0           ; Reserved
   68 00000024 00000000        DCD              0           ; Reserved
   69 00000028 00000000        DCD              0           ; Reserved
   70 0000002C 00000000        DCD              SVC_Handler ; SVCall Handler
   71 00000030 00000000        DCD              DebugMon_Handler ; Debug Monito
                                                            r Handler
   72 00000034 00000000        DCD              0           ; Reserved
   73 00000038 00000000        DCD              PendSV_Handler ; PendSV Handler
                                                            
   74 0000003C 00000000        DCD              SysTick_Handler 
                                                            ; SysTick Handler
   75 00000040         
   76 00000040         ; External Interrupts
   77 00000040 00000000        DCD              WDT_IRQHandler ; 16: Watchdog T
                                                            imer
   78 00000044 00000000        DCD              TIMER0_IRQHandler ; 17: Timer0
   79 00000048 00000000        DCD              TIMER1_IRQHandler ; 18: Timer1
   80 0000004C 00000000        DCD              TIMER2_IRQHandler ; 19: Timer2
   81 00000050 00000000        DCD              TIMER3_IRQHandler ; 20: Timer3
   82 00000054 00000000        DCD              UART0_IRQHandler ; 21: UART0
   83 00000058 00000000        DCD              UART1_IRQHandler ; 22: UART1
   84 0000005C 00000000        DCD              UART2_IRQHandler ; 23: UART2
   85 00000060 00000000        DCD              UART3_IRQHandler ; 24: UART3
   86 00000064 00000000        DCD              PWM1_IRQHandler ; 25: PWM1



ARM Macro Assembler    Page 3 


   87 00000068 00000000        DCD              I2C0_IRQHandler ; 26: I2C0
   88 0000006C 00000000        DCD              I2C1_IRQHandler ; 27: I2C1
   89 00000070 00000000        DCD              I2C2_IRQHandler ; 28: I2C2
   90 00000074 00000000        DCD              SPI_IRQHandler ; 29: SPI
   91 00000078 00000000        DCD              SSP0_IRQHandler ; 30: SSP0
   92 0000007C 00000000        DCD              SSP1_IRQHandler ; 31: SSP1
   93 00000080 00000000        DCD              PLL0_IRQHandler ; 32: PLL0 Lock
                                                             (Main PLL)
   94 00000084 00000000        DCD              RTC_IRQHandler ; 33: Real Time 
                                                            Clock
   95 00000088 00000000        DCD              EINT0_IRQHandler ; 34: External
                                                             Interrupt 0
   96 0000008C 00000000        DCD              EINT1_IRQHandler ; 35: External
                                                             Interrupt 1
   97 00000090 00000000        DCD              EINT2_IRQHandler ; 36: External
                                                             Interrupt 2
   98 00000094 00000000        DCD              EINT3_IRQHandler ; 37: External
                                                             Interrupt 3
   99 00000098 00000000        DCD              ADC_IRQHandler 
                                                            ; 38: A/D Converter
                                                            
  100 0000009C 00000000        DCD              BOD_IRQHandler ; 39: Brown-Out 
                                                            Detect
  101 000000A0 00000000        DCD              USB_IRQHandler ; 40: USB
  102 000000A4 00000000        DCD              CAN_IRQHandler ; 41: CAN
  103 000000A8 00000000        DCD              DMA_IRQHandler ; 42: General Pu
                                                            rpose DMA
  104 000000AC 00000000        DCD              I2S_IRQHandler ; 43: I2S
  105 000000B0 00000000        DCD              ENET_IRQHandler ; 44: Ethernet
  106 000000B4 00000000        DCD              RIT_IRQHandler ; 45: Repetitive
                                                             Interrupt Timer
  107 000000B8 00000000        DCD              MCPWM_IRQHandler ; 46: Motor Co
                                                            ntrol PWM
  108 000000BC 00000000        DCD              QEI_IRQHandler ; 47: Quadrature
                                                             Encoder Interface
  109 000000C0 00000000        DCD              PLL1_IRQHandler ; 48: PLL1 Lock
                                                             (USB PLL)
  110 000000C4 00000000        DCD              USBActivity_IRQHandler ; 49: US
                                                            B Activity interrup
                                                            t to wakeup
  111 000000C8 00000000        DCD              CANActivity_IRQHandler ; 50: CA
                                                            N Activity interrup
                                                            t to wakeup
  112 000000CC         
  113 000000CC         
  114 000000CC                 IF               :LNOT::DEF:NO_CRP
  115 000000CC                 AREA             |.ARM.__at_0x02FC|, CODE, READO
NLY
  116 00000000 FFFFFFFF 
                       CRP_Key DCD              0xFFFFFFFF
  117 00000004                 ENDIF
  118 00000004         
  119 00000004         
  120 00000004 00000018 
                       myArea_size
                               EQU              0x00000018
  121 00000004         
  122 00000004                 AREA             myArea, NOINIT, READWRITE
  123 00000000         myArea_mem



ARM Macro Assembler    Page 4 


                               SPACE            myArea_size
  124 00000018         C_p
  125 00000018         
  126 00000018                 AREA             A_B, READONLY
  127 00000000         
  128 00000000 AAAE3412 
              FAAE3412 
              ABEF5542 
              AABE3402 
              00000003 
              FFFFFFFB 
              00000000 
              0000000B 
              FFFFFFFB 
              0000000C 
              00000004 
              FFFFFFFB A_p     DCD              0xAAAE3412,0xFAAE3412,0xABEF554
2,0xAABE3402,3,-5,0,11,-5,12,4,-5
  129 00000030         
  130 00000030 FFFE3412 
              BBAE3412 
              00000005 
              FFFFFFFF 
              FFEEA341 
              00000003 
              00000009 
              FFFFFFF9 B_p     DCD              0xFFFE3412,0xBBAE3412,5,-1,0xFF
EEA341,3,9,-7
  131 00000050         
  132 00000050         
  133 00000050         
  134 00000050 00000004 
                       M       EQU              4
  135 00000050 00000003 
                       N       EQU              3
  136 00000050 00000002 
                       P       EQU              2
  137 00000050         
  138 00000050         
  139 00000050                 AREA             |.text|, CODE, READONLY
  140 00000000         
  141 00000000         
  142 00000000         ; Reset Handler
  143 00000000         
  144 00000000         Reset_Handler
                               PROC
  145 00000000                 EXPORT           Reset_Handler             [WEAK
]
  146 00000000         
  147 00000000         ;;;;;;;;;;;;;;;;;;;;;;;;;;;;;;;;;;;;;;;;;;;;;;;;;;;;;;;;
                       ;;;;;;;;;;;;;;
  148 00000000         ; Si scriva un programma in Assembly ARM in grado di mol
                       tiplicare    ;
  149 00000000         ; due matrici. La prima matrice ha N righe e M colonne. 
                       La seconda   ;
  150 00000000         ; matrice ha M righe e P colonne. La matrice risultato h
                       a N righe    ;
  151 00000000         ; e P colonne. Tutte le matrici contengono numeri con se
                       gno espressi ;



ARM Macro Assembler    Page 5 


  152 00000000         ; su una word. N, M, P sono costanti da definire con EQU
                       .            ;
  153 00000000         ; Le prime due matrici sono definite come costanti in un
                       ’area di     ;
  154 00000000         ; memoria READONLY. La terza matrice deve essere allocat
                       a in un’area ;
  155 00000000         ; DATA READWRITE. Le somme intermedie devono essere calc
                       olate su due ;
  156 00000000         ; word. Al termine di un prodotto riga*colonna, si contr
                       olla la word ;
  157 00000000         ; più significativa della somma parziale. In caso di ove
                       rflow,       ;
  158 00000000         ; occorre memorizzare come risultato il massimo numero (
                       positivo o   ;
  159 00000000         ; negativo, in base al tipo di overflow) esprimibile su 
                       una word.    ;
  160 00000000         ;;;;;;;;;;;;;;;;;;;;;;;;;;;;;;;;;;;;;;;;;;;;;;;;;;;;;;;;
                       ;;;;;;;;;;;;;;
  161 00000000         
  162 00000000        0 
                       M_index RN               0
  163 00000000        1 
                       N_index RN               1
  164 00000000        2 
                       P_index RN               2
  165 00000000        3 
                       A_index RN               3
  166 00000000        4 
                       B_index RN               4
  167 00000000        5 
                       C_index RN               5
  168 00000000         
  169 00000000         
  170 00000000 F04F 0004       MOV              M_index, #M ; M value used to c
                                                            ycle
  171 00000004 F04F 0103       MOV              N_index, #N ; N value used to c
                                                            ycle
  172 00000008 F04F 0202       MOV              P_index, #P ; P value used to c
                                                            ycle
  173 0000000C         
  174 0000000C 4B35            LDR              A_index, =A_p ; Pointer to the 
                                                            memory of matrix A
  175 0000000E 4C36            LDR              B_index, =B_p ; Pointer to the 
                                                            memory of matrix B
  176 00000010 4D36            LDR              C_index, =C_p ; Pointer to the 
                                                            memory of matrix C 
                                                            (result)
  177 00000012 F04F 0800       MOV              r8, #0      ; Reset r8
  178 00000016 F04F 0900       MOV              r9, #0      ; Reset r9
  179 0000001A F04F 0A00       MOV              r10, #0     ; Reset r10
  180 0000001E 4693            MOV              r11, P_index ; P value used as 
                                                            a constant
  181 00000020         
  182 00000020         loop                                 ; Loop on the matri
                                                            x M
  183 00000020 F100 30FF       ADD              M_index, #-1 ; Decrement the M 
                                                            value
  184 00000024 F853 6B04       LDR              r6, [A_index], #4 ; Take the 32
                                                            bit integer from A,



ARM Macro Assembler    Page 6 


                                                             and post-increment
                                                             at the second one
  185 00000028         
  186 00000028 6827            LDR              r7, [B_index] ; Take the 32bit 
                                                            integer from B
  187 0000002A EB04 048B       ADD              B_index, B_index, r11, LSL #2 ;
                                                             Increment the matr
                                                            ix B in order to re
                                                            trieve the element 
                                                            on the same column
  188 0000002E         
  189 0000002E FB86 6707       SMULL            r6, r7, r6, r7 ; Multiply the t
                                                            wo elements on 64bi
                                                            t
  190 00000032         
  191 00000032 EB18 0806       ADDS             r8, r8, r6  ; Add on 64bit the 
                                                            LSB
  192 00000036 EB49 0907       ADC              r9, r9, r7  ; And the the MSB
  193 0000003A         
  194 0000003A B1F0            CBZ              M_index, change_row ; If the co
                                                            unter of the column
                                                             is zero, change ro
                                                            w
  195 0000003C E7F0            B                loop        ; Else do another l
                                                            oop
  196 0000003E         
  197 0000003E         repeat_row                           ; As it says
  198 0000003E F099 0F00       TEQ              r9, #0x00000000 ; Check if the 
                                                            MSB is 0
  199 00000042 BF16 F099 
              3FFF             TEQNE            r9, #0xFFFFFFFF ; Else check if
                                                             the MSB is -1
  200 00000048         
  201 00000048 F845 8B04       STREQ            r8, [C_index], #4 ; If it's 0, 
                                                            store the MSB (r8) 
                                                            to C_index, than in
                                                            crement the pointer
                                                            
  202 0000004C F119 0900       ADDSNE           r9, r9, #0  ; Else update the s
                                                            pecial register r9 
                                                            with the S
  203 00000050         
  204 00000050 BF54 F8DF 
              809C             LDRPL            r8, =0x7FFFFFFF ; Since there's
                                                             overflow, if r9 is
                                                             positive, load tha
                                                            t in r8
  205 00000056 F04F 4800       LDRMI            r8, =0x80000000 ; Since there's
                                                             overflow, if r9 is
                                                             negative, load tha
                                                            t in r8
  206 0000005A         
  207 0000005A BF18 F845 
              8B04             STRNE            r8, [C_index], #4 ; Store the r
                                                            8 value and then in
                                                            crement
  208 00000060         
  209 00000060 F04F 0800       MOV              r8, #0      ; Reset r8
  210 00000064 F04F 0900       MOV              r9, #0      ; Reset r9



ARM Macro Assembler    Page 7 


  211 00000068         
  212 00000068 4C1F            LDR              B_index, =B_p ; Reload the matr
                                                            ix B pointer in B_i
                                                            ndex
  213 0000006A F104 0404       ADD              B_index, B_index, #4 ; Incremen
                                                            t it by one positio
                                                            n
  214 0000006E F04F 0004       LDR              M_index, =M ; Reload the M coun
                                                            ter
  215 00000072 4B1C            LDR              A_index, =A_p ; Reload the matr
                                                            ix A pointer in A_i
                                                            ndex
  216 00000074 EB03 130A       ADD              A_index, A_index, r10, LSL #4 ;
                                                             Increment the poin
                                                            ter to A_index by r
                                                            10 positions (r10 h
                                                            as the number of ro
                                                            ws of A passed)
  217 00000078         
  218 00000078 E7D2            B                loop        ; Go to the loop
  219 0000007A         
  220 0000007A         change_row                           ; As it says
  221 0000007A F102 32FF       ADD              P_index, #-1 
                                                            ; Decrement P value
                                                            
  222 0000007E 2A00            CMP              P_index, #0 ; Compare P with ze
                                                            ro value
  223 00000080 D1DD            BNE              repeat_row  ; If P is not zero,
                                                             repeat the row
  224 00000082 F04F 0202       MOV              P_index, #P ; Reload P value
  225 00000086 F101 31FF       ADD              N_index, #-1 ; Decrement the N 
                                                            index
  226 0000008A F10A 0A01       ADD              r10, r10, #1 ; Since N is decre
                                                            ment, increment r10
                                                            
  227 0000008E F04F 0004       LDR              M_index, =M ; Reload M value
  228 00000092 4C15            LDR              B_index, =B_p ; Reload the matr
                                                            ix B pointer in B_i
                                                            ndex
  229 00000094         
  230 00000094 F099 0F00       TEQ              r9, #0x00000000 ; Check if the 
                                                            MSB is 0
  231 00000098 BF16 F099 
              3FFF             TEQNE            r9, #0xFFFFFFFF ; Else check if
                                                             the MSB is -1
  232 0000009E         
  233 0000009E         
  234 0000009E         
  235 0000009E F845 8B04       STREQ            r8, [C_index], #4 ; If it's 0, 
                                                            store the MSB (r8) 
                                                            to C_index, than in
                                                            crement the pointer
                                                            
  236 000000A2 F119 0900       ADDSNE           r9, r9, #0  ; Else update the s
                                                            pecial register r9 
                                                            with the S
  237 000000A6         
  238 000000A6 BF54 F8DF 
              8044             LDRPL            r8, =0x7FFFFFFF ; Since there's



ARM Macro Assembler    Page 8 


                                                             overflow, if r9 is
                                                             positive, load tha
                                                            t in r8
  239 000000AC F04F 4800       LDRMI            r8, =0x80000000 ; Since there's
                                                             overflow, if r9 is
                                                             negative, load tha
                                                            t in r8
  240 000000B0         
  241 000000B0 BF18 F845 
              8B04             STRNE            r8, [C_index], #4 ; Store the r
                                                            8 value and then in
                                                            crement the pointer
                                                            
  242 000000B6         
  243 000000B6 F04F 0800       MOV              r8, #0      ; Reset r8
  244 000000BA F04F 0900       MOV              r9, #0      ; Reset r9
  245 000000BE B101            CBZ              N_index, stop ; If the rows are
                                                             finished, STOP
  246 000000C0 E7AE            B                loop        ; Else go to the lo
                                                            op
  247 000000C2         
  248 000000C2         
  249 000000C2 E7FE    stop    B                stop
  250 000000C4         
  251 000000C4                 ENDP
  252 000000C4         
  253 000000C4         
  254 000000C4         ; Dummy Exception Handlers (infinite loops which can be 
                       modified)
  255 000000C4         
  256 000000C4         NMI_Handler
                               PROC
  257 000000C4                 EXPORT           NMI_Handler               [WEAK
]
  258 000000C4 E7FE            B                .
  259 000000C6                 ENDP
  261 000000C6         HardFault_Handler
                               PROC
  262 000000C6                 EXPORT           HardFault_Handler         [WEAK
]
  263 000000C6 E7FE            B                .
  264 000000C8                 ENDP
  266 000000C8         MemManage_Handler
                               PROC
  267 000000C8                 EXPORT           MemManage_Handler         [WEAK
]
  268 000000C8 E7FE            B                .
  269 000000CA                 ENDP
  271 000000CA         BusFault_Handler
                               PROC
  272 000000CA                 EXPORT           BusFault_Handler          [WEAK
]
  273 000000CA E7FE            B                .
  274 000000CC                 ENDP
  276 000000CC         UsageFault_Handler
                               PROC
  277 000000CC                 EXPORT           UsageFault_Handler        [WEAK
]
  278 000000CC E7FE            B                .



ARM Macro Assembler    Page 9 


  279 000000CE                 ENDP
  280 000000CE         SVC_Handler
                               PROC
  281 000000CE                 EXPORT           SVC_Handler               [WEAK
]
  282 000000CE E7FE            B                .
  283 000000D0                 ENDP
  285 000000D0         DebugMon_Handler
                               PROC
  286 000000D0                 EXPORT           DebugMon_Handler          [WEAK
]
  287 000000D0 E7FE            B                .
  288 000000D2                 ENDP
  289 000000D2         PendSV_Handler
                               PROC
  290 000000D2                 EXPORT           PendSV_Handler            [WEAK
]
  291 000000D2 E7FE            B                .
  292 000000D4                 ENDP
  293 000000D4         SysTick_Handler
                               PROC
  294 000000D4                 EXPORT           SysTick_Handler           [WEAK
]
  295 000000D4 E7FE            B                .
  296 000000D6                 ENDP
  297 000000D6         
  298 000000D6         Default_Handler
                               PROC
  299 000000D6         
  300 000000D6                 EXPORT           WDT_IRQHandler            [WEAK
]
  301 000000D6                 EXPORT           TIMER0_IRQHandler         [WEAK
]
  302 000000D6                 EXPORT           TIMER1_IRQHandler         [WEAK
]
  303 000000D6                 EXPORT           TIMER2_IRQHandler         [WEAK
]
  304 000000D6                 EXPORT           TIMER3_IRQHandler         [WEAK
]
  305 000000D6                 EXPORT           UART0_IRQHandler          [WEAK
]
  306 000000D6                 EXPORT           UART1_IRQHandler          [WEAK
]
  307 000000D6                 EXPORT           UART2_IRQHandler          [WEAK
]
  308 000000D6                 EXPORT           UART3_IRQHandler          [WEAK
]
  309 000000D6                 EXPORT           PWM1_IRQHandler           [WEAK
]
  310 000000D6                 EXPORT           I2C0_IRQHandler           [WEAK
]
  311 000000D6                 EXPORT           I2C1_IRQHandler           [WEAK
]
  312 000000D6                 EXPORT           I2C2_IRQHandler           [WEAK
]
  313 000000D6                 EXPORT           SPI_IRQHandler            [WEAK
]
  314 000000D6                 EXPORT           SSP0_IRQHandler           [WEAK
]



ARM Macro Assembler    Page 10 


  315 000000D6                 EXPORT           SSP1_IRQHandler           [WEAK
]
  316 000000D6                 EXPORT           PLL0_IRQHandler           [WEAK
]
  317 000000D6                 EXPORT           RTC_IRQHandler            [WEAK
]
  318 000000D6                 EXPORT           EINT0_IRQHandler          [WEAK
]
  319 000000D6                 EXPORT           EINT1_IRQHandler          [WEAK
]
  320 000000D6                 EXPORT           EINT2_IRQHandler          [WEAK
]
  321 000000D6                 EXPORT           EINT3_IRQHandler          [WEAK
]
  322 000000D6                 EXPORT           ADC_IRQHandler            [WEAK
]
  323 000000D6                 EXPORT           BOD_IRQHandler            [WEAK
]
  324 000000D6                 EXPORT           USB_IRQHandler            [WEAK
]
  325 000000D6                 EXPORT           CAN_IRQHandler            [WEAK
]
  326 000000D6                 EXPORT           DMA_IRQHandler            [WEAK
]
  327 000000D6                 EXPORT           I2S_IRQHandler            [WEAK
]
  328 000000D6                 EXPORT           ENET_IRQHandler           [WEAK
]
  329 000000D6                 EXPORT           RIT_IRQHandler            [WEAK
]
  330 000000D6                 EXPORT           MCPWM_IRQHandler          [WEAK
]
  331 000000D6                 EXPORT           QEI_IRQHandler            [WEAK
]
  332 000000D6                 EXPORT           PLL1_IRQHandler           [WEAK
]
  333 000000D6                 EXPORT           USBActivity_IRQHandler    [WEAK
]
  334 000000D6                 EXPORT           CANActivity_IRQHandler    [WEAK
]
  335 000000D6         
  336 000000D6         WDT_IRQHandler
  337 000000D6         TIMER0_IRQHandler
  338 000000D6         TIMER1_IRQHandler
  339 000000D6         TIMER2_IRQHandler
  340 000000D6         TIMER3_IRQHandler
  341 000000D6         UART0_IRQHandler
  342 000000D6         UART1_IRQHandler
  343 000000D6         UART2_IRQHandler
  344 000000D6         UART3_IRQHandler
  345 000000D6         PWM1_IRQHandler
  346 000000D6         I2C0_IRQHandler
  347 000000D6         I2C1_IRQHandler
  348 000000D6         I2C2_IRQHandler
  349 000000D6         SPI_IRQHandler
  350 000000D6         SSP0_IRQHandler
  351 000000D6         SSP1_IRQHandler
  352 000000D6         PLL0_IRQHandler
  353 000000D6         RTC_IRQHandler



ARM Macro Assembler    Page 11 


  354 000000D6         EINT0_IRQHandler
  355 000000D6         EINT1_IRQHandler
  356 000000D6         EINT2_IRQHandler
  357 000000D6         EINT3_IRQHandler
  358 000000D6         ADC_IRQHandler
  359 000000D6         BOD_IRQHandler
  360 000000D6         USB_IRQHandler
  361 000000D6         CAN_IRQHandler
  362 000000D6         DMA_IRQHandler
  363 000000D6         I2S_IRQHandler
  364 000000D6         ENET_IRQHandler
  365 000000D6         RIT_IRQHandler
  366 000000D6         MCPWM_IRQHandler
  367 000000D6         QEI_IRQHandler
  368 000000D6         PLL1_IRQHandler
  369 000000D6         USBActivity_IRQHandler
  370 000000D6         CANActivity_IRQHandler
  371 000000D6         
  372 000000D6 E7FE            B                .
  373 000000D8         
  374 000000D8                 ENDP
  375 000000D8         
  376 000000D8         
  377 000000D8                 ALIGN
  378 000000D8         
  379 000000D8         
  380 000000D8         ; User Initial Stack & Heap
  381 000000D8         
  382 000000D8                 IF               :DEF:__MICROLIB
  389 000000D8         
  390 000000D8         ;IMPORT  __use_two_region_memory
  391 000000D8                 EXPORT           __user_initial_stackheap
  392 000000D8         __user_initial_stackheap
  393 000000D8         
  394 000000D8 4806            LDR              R0, =  Heap_Mem
  395 000000DA 4907            LDR              R1, =(Stack_Mem + Stack_Size)
  396 000000DC 4A05            LDR              R2, = (Heap_Mem +  Heap_Size)
  397 000000DE 4B07            LDR              R3, = Stack_Mem
  398 000000E0 4770            BX               LR
  399 000000E2         
  400 000000E2 00 00           ALIGN
  401 000000E4         
  402 000000E4                 ENDIF
  403 000000E4         
  404 000000E4         
  405 000000E4                 END
              00000000 
              00000000 
              00000000 
              7FFFFFFF 
              00000000 
              00000200 
              00000000 
Command Line: --debug --xref --cpu=Cortex-M3 --apcs=interwork --depend=.\startu
p_lpc17xx.d -o.\startup_lpc17xx.o -IC:\Keil\ARM\RV31\INC -IC:\Keil\ARM\CMSIS\In
clude -IC:\Keil\ARM\Inc\NXP\LPC17xx --predefine="__EVAL SETA 1" --list=.\startu
p_lpc17xx.lst startup_LPC17xx.s



ARM Macro Assembler    Page 1 Alphabetic symbol ordering
Relocatable symbols

STACK 00000000

Symbol: STACK
   Definitions
      At line 33 in file startup_LPC17xx.s
   Uses
      None
Comment: STACK unused
Stack_Mem 00000000

Symbol: Stack_Mem
   Definitions
      At line 34 in file startup_LPC17xx.s
   Uses
      At line 395 in file startup_LPC17xx.s
      At line 397 in file startup_LPC17xx.s

__initial_sp 00000200

Symbol: __initial_sp
   Definitions
      At line 35 in file startup_LPC17xx.s
   Uses
      At line 59 in file startup_LPC17xx.s
Comment: __initial_sp used once
3 symbols



ARM Macro Assembler    Page 1 Alphabetic symbol ordering
Relocatable symbols

HEAP 00000000

Symbol: HEAP
   Definitions
      At line 44 in file startup_LPC17xx.s
   Uses
      None
Comment: HEAP unused
Heap_Mem 00000000

Symbol: Heap_Mem
   Definitions
      At line 46 in file startup_LPC17xx.s
   Uses
      At line 394 in file startup_LPC17xx.s
      At line 396 in file startup_LPC17xx.s

__heap_base 00000000

Symbol: __heap_base
   Definitions
      At line 45 in file startup_LPC17xx.s
   Uses
      None
Comment: __heap_base unused
__heap_limit 00000000

Symbol: __heap_limit
   Definitions
      At line 47 in file startup_LPC17xx.s
   Uses
      None
Comment: __heap_limit unused
4 symbols



ARM Macro Assembler    Page 1 Alphabetic symbol ordering
Relocatable symbols

RESET 00000000

Symbol: RESET
   Definitions
      At line 56 in file startup_LPC17xx.s
   Uses
      None
Comment: RESET unused
__Vectors 00000000

Symbol: __Vectors
   Definitions
      At line 59 in file startup_LPC17xx.s
   Uses
      At line 57 in file startup_LPC17xx.s
Comment: __Vectors used once
2 symbols



ARM Macro Assembler    Page 1 Alphabetic symbol ordering
Relocatable symbols

.ARM.__at_0x02FC 00000000

Symbol: .ARM.__at_0x02FC
   Definitions
      At line 115 in file startup_LPC17xx.s
   Uses
      None
Comment: .ARM.__at_0x02FC unused
CRP_Key 00000000

Symbol: CRP_Key
   Definitions
      At line 116 in file startup_LPC17xx.s
   Uses
      None
Comment: CRP_Key unused
2 symbols



ARM Macro Assembler    Page 1 Alphabetic symbol ordering
Relocatable symbols

C_p 00000018

Symbol: C_p
   Definitions
      At line 124 in file startup_LPC17xx.s
   Uses
      At line 176 in file startup_LPC17xx.s
Comment: C_p used once
myArea 00000000

Symbol: myArea
   Definitions
      At line 122 in file startup_LPC17xx.s
   Uses
      None
Comment: myArea unused
myArea_mem 00000000

Symbol: myArea_mem
   Definitions
      At line 123 in file startup_LPC17xx.s
   Uses
      None
Comment: myArea_mem unused
3 symbols



ARM Macro Assembler    Page 1 Alphabetic symbol ordering
Relocatable symbols

A_B 00000000

Symbol: A_B
   Definitions
      At line 126 in file startup_LPC17xx.s
   Uses
      None
Comment: A_B unused
A_p 00000000

Symbol: A_p
   Definitions
      At line 128 in file startup_LPC17xx.s
   Uses
      At line 174 in file startup_LPC17xx.s
      At line 215 in file startup_LPC17xx.s

B_p 00000030

Symbol: B_p
   Definitions
      At line 130 in file startup_LPC17xx.s
   Uses
      At line 175 in file startup_LPC17xx.s
      At line 212 in file startup_LPC17xx.s
      At line 228 in file startup_LPC17xx.s

3 symbols



ARM Macro Assembler    Page 1 Alphabetic symbol ordering
Relocatable symbols

.text 00000000

Symbol: .text
   Definitions
      At line 139 in file startup_LPC17xx.s
   Uses
      None
Comment: .text unused
ADC_IRQHandler 000000D6

Symbol: ADC_IRQHandler
   Definitions
      At line 358 in file startup_LPC17xx.s
   Uses
      At line 99 in file startup_LPC17xx.s
      At line 322 in file startup_LPC17xx.s

BOD_IRQHandler 000000D6

Symbol: BOD_IRQHandler
   Definitions
      At line 359 in file startup_LPC17xx.s
   Uses
      At line 100 in file startup_LPC17xx.s
      At line 323 in file startup_LPC17xx.s

BusFault_Handler 000000CA

Symbol: BusFault_Handler
   Definitions
      At line 271 in file startup_LPC17xx.s
   Uses
      At line 64 in file startup_LPC17xx.s
      At line 272 in file startup_LPC17xx.s

CANActivity_IRQHandler 000000D6

Symbol: CANActivity_IRQHandler
   Definitions
      At line 370 in file startup_LPC17xx.s
   Uses
      At line 111 in file startup_LPC17xx.s
      At line 334 in file startup_LPC17xx.s

CAN_IRQHandler 000000D6

Symbol: CAN_IRQHandler
   Definitions
      At line 361 in file startup_LPC17xx.s
   Uses
      At line 102 in file startup_LPC17xx.s
      At line 325 in file startup_LPC17xx.s

DMA_IRQHandler 000000D6

Symbol: DMA_IRQHandler
   Definitions
      At line 362 in file startup_LPC17xx.s
   Uses



ARM Macro Assembler    Page 2 Alphabetic symbol ordering
Relocatable symbols

      At line 103 in file startup_LPC17xx.s
      At line 326 in file startup_LPC17xx.s

DebugMon_Handler 000000D0

Symbol: DebugMon_Handler
   Definitions
      At line 285 in file startup_LPC17xx.s
   Uses
      At line 71 in file startup_LPC17xx.s
      At line 286 in file startup_LPC17xx.s

Default_Handler 000000D6

Symbol: Default_Handler
   Definitions
      At line 298 in file startup_LPC17xx.s
   Uses
      None
Comment: Default_Handler unused
EINT0_IRQHandler 000000D6

Symbol: EINT0_IRQHandler
   Definitions
      At line 354 in file startup_LPC17xx.s
   Uses
      At line 95 in file startup_LPC17xx.s
      At line 318 in file startup_LPC17xx.s

EINT1_IRQHandler 000000D6

Symbol: EINT1_IRQHandler
   Definitions
      At line 355 in file startup_LPC17xx.s
   Uses
      At line 96 in file startup_LPC17xx.s
      At line 319 in file startup_LPC17xx.s

EINT2_IRQHandler 000000D6

Symbol: EINT2_IRQHandler
   Definitions
      At line 356 in file startup_LPC17xx.s
   Uses
      At line 97 in file startup_LPC17xx.s
      At line 320 in file startup_LPC17xx.s

EINT3_IRQHandler 000000D6

Symbol: EINT3_IRQHandler
   Definitions
      At line 357 in file startup_LPC17xx.s
   Uses
      At line 98 in file startup_LPC17xx.s
      At line 321 in file startup_LPC17xx.s

ENET_IRQHandler 000000D6

Symbol: ENET_IRQHandler



ARM Macro Assembler    Page 3 Alphabetic symbol ordering
Relocatable symbols

   Definitions
      At line 364 in file startup_LPC17xx.s
   Uses
      At line 105 in file startup_LPC17xx.s
      At line 328 in file startup_LPC17xx.s

HardFault_Handler 000000C6

Symbol: HardFault_Handler
   Definitions
      At line 261 in file startup_LPC17xx.s
   Uses
      At line 62 in file startup_LPC17xx.s
      At line 262 in file startup_LPC17xx.s

I2C0_IRQHandler 000000D6

Symbol: I2C0_IRQHandler
   Definitions
      At line 346 in file startup_LPC17xx.s
   Uses
      At line 87 in file startup_LPC17xx.s
      At line 310 in file startup_LPC17xx.s

I2C1_IRQHandler 000000D6

Symbol: I2C1_IRQHandler
   Definitions
      At line 347 in file startup_LPC17xx.s
   Uses
      At line 88 in file startup_LPC17xx.s
      At line 311 in file startup_LPC17xx.s

I2C2_IRQHandler 000000D6

Symbol: I2C2_IRQHandler
   Definitions
      At line 348 in file startup_LPC17xx.s
   Uses
      At line 89 in file startup_LPC17xx.s
      At line 312 in file startup_LPC17xx.s

I2S_IRQHandler 000000D6

Symbol: I2S_IRQHandler
   Definitions
      At line 363 in file startup_LPC17xx.s
   Uses
      At line 104 in file startup_LPC17xx.s
      At line 327 in file startup_LPC17xx.s

MCPWM_IRQHandler 000000D6

Symbol: MCPWM_IRQHandler
   Definitions
      At line 366 in file startup_LPC17xx.s
   Uses
      At line 107 in file startup_LPC17xx.s
      At line 330 in file startup_LPC17xx.s



ARM Macro Assembler    Page 4 Alphabetic symbol ordering
Relocatable symbols


MemManage_Handler 000000C8

Symbol: MemManage_Handler
   Definitions
      At line 266 in file startup_LPC17xx.s
   Uses
      At line 63 in file startup_LPC17xx.s
      At line 267 in file startup_LPC17xx.s

NMI_Handler 000000C4

Symbol: NMI_Handler
   Definitions
      At line 256 in file startup_LPC17xx.s
   Uses
      At line 61 in file startup_LPC17xx.s
      At line 257 in file startup_LPC17xx.s

PLL0_IRQHandler 000000D6

Symbol: PLL0_IRQHandler
   Definitions
      At line 352 in file startup_LPC17xx.s
   Uses
      At line 93 in file startup_LPC17xx.s
      At line 316 in file startup_LPC17xx.s

PLL1_IRQHandler 000000D6

Symbol: PLL1_IRQHandler
   Definitions
      At line 368 in file startup_LPC17xx.s
   Uses
      At line 109 in file startup_LPC17xx.s
      At line 332 in file startup_LPC17xx.s

PWM1_IRQHandler 000000D6

Symbol: PWM1_IRQHandler
   Definitions
      At line 345 in file startup_LPC17xx.s
   Uses
      At line 86 in file startup_LPC17xx.s
      At line 309 in file startup_LPC17xx.s

PendSV_Handler 000000D2

Symbol: PendSV_Handler
   Definitions
      At line 289 in file startup_LPC17xx.s
   Uses
      At line 73 in file startup_LPC17xx.s
      At line 290 in file startup_LPC17xx.s

QEI_IRQHandler 000000D6

Symbol: QEI_IRQHandler
   Definitions



ARM Macro Assembler    Page 5 Alphabetic symbol ordering
Relocatable symbols

      At line 367 in file startup_LPC17xx.s
   Uses
      At line 108 in file startup_LPC17xx.s
      At line 331 in file startup_LPC17xx.s

RIT_IRQHandler 000000D6

Symbol: RIT_IRQHandler
   Definitions
      At line 365 in file startup_LPC17xx.s
   Uses
      At line 106 in file startup_LPC17xx.s
      At line 329 in file startup_LPC17xx.s

RTC_IRQHandler 000000D6

Symbol: RTC_IRQHandler
   Definitions
      At line 353 in file startup_LPC17xx.s
   Uses
      At line 94 in file startup_LPC17xx.s
      At line 317 in file startup_LPC17xx.s

Reset_Handler 00000000

Symbol: Reset_Handler
   Definitions
      At line 144 in file startup_LPC17xx.s
   Uses
      At line 60 in file startup_LPC17xx.s
      At line 145 in file startup_LPC17xx.s

SPI_IRQHandler 000000D6

Symbol: SPI_IRQHandler
   Definitions
      At line 349 in file startup_LPC17xx.s
   Uses
      At line 90 in file startup_LPC17xx.s
      At line 313 in file startup_LPC17xx.s

SSP0_IRQHandler 000000D6

Symbol: SSP0_IRQHandler
   Definitions
      At line 350 in file startup_LPC17xx.s
   Uses
      At line 91 in file startup_LPC17xx.s
      At line 314 in file startup_LPC17xx.s

SSP1_IRQHandler 000000D6

Symbol: SSP1_IRQHandler
   Definitions
      At line 351 in file startup_LPC17xx.s
   Uses
      At line 92 in file startup_LPC17xx.s
      At line 315 in file startup_LPC17xx.s




ARM Macro Assembler    Page 6 Alphabetic symbol ordering
Relocatable symbols

SVC_Handler 000000CE

Symbol: SVC_Handler
   Definitions
      At line 280 in file startup_LPC17xx.s
   Uses
      At line 70 in file startup_LPC17xx.s
      At line 281 in file startup_LPC17xx.s

SysTick_Handler 000000D4

Symbol: SysTick_Handler
   Definitions
      At line 293 in file startup_LPC17xx.s
   Uses
      At line 74 in file startup_LPC17xx.s
      At line 294 in file startup_LPC17xx.s

TIMER0_IRQHandler 000000D6

Symbol: TIMER0_IRQHandler
   Definitions
      At line 337 in file startup_LPC17xx.s
   Uses
      At line 78 in file startup_LPC17xx.s
      At line 301 in file startup_LPC17xx.s

TIMER1_IRQHandler 000000D6

Symbol: TIMER1_IRQHandler
   Definitions
      At line 338 in file startup_LPC17xx.s
   Uses
      At line 79 in file startup_LPC17xx.s
      At line 302 in file startup_LPC17xx.s

TIMER2_IRQHandler 000000D6

Symbol: TIMER2_IRQHandler
   Definitions
      At line 339 in file startup_LPC17xx.s
   Uses
      At line 80 in file startup_LPC17xx.s
      At line 303 in file startup_LPC17xx.s

TIMER3_IRQHandler 000000D6

Symbol: TIMER3_IRQHandler
   Definitions
      At line 340 in file startup_LPC17xx.s
   Uses
      At line 81 in file startup_LPC17xx.s
      At line 304 in file startup_LPC17xx.s

UART0_IRQHandler 000000D6

Symbol: UART0_IRQHandler
   Definitions
      At line 341 in file startup_LPC17xx.s



ARM Macro Assembler    Page 7 Alphabetic symbol ordering
Relocatable symbols

   Uses
      At line 82 in file startup_LPC17xx.s
      At line 305 in file startup_LPC17xx.s

UART1_IRQHandler 000000D6

Symbol: UART1_IRQHandler
   Definitions
      At line 342 in file startup_LPC17xx.s
   Uses
      At line 83 in file startup_LPC17xx.s
      At line 306 in file startup_LPC17xx.s

UART2_IRQHandler 000000D6

Symbol: UART2_IRQHandler
   Definitions
      At line 343 in file startup_LPC17xx.s
   Uses
      At line 84 in file startup_LPC17xx.s
      At line 307 in file startup_LPC17xx.s

UART3_IRQHandler 000000D6

Symbol: UART3_IRQHandler
   Definitions
      At line 344 in file startup_LPC17xx.s
   Uses
      At line 85 in file startup_LPC17xx.s
      At line 308 in file startup_LPC17xx.s

USBActivity_IRQHandler 000000D6

Symbol: USBActivity_IRQHandler
   Definitions
      At line 369 in file startup_LPC17xx.s
   Uses
      At line 110 in file startup_LPC17xx.s
      At line 333 in file startup_LPC17xx.s

USB_IRQHandler 000000D6

Symbol: USB_IRQHandler
   Definitions
      At line 360 in file startup_LPC17xx.s
   Uses
      At line 101 in file startup_LPC17xx.s
      At line 324 in file startup_LPC17xx.s

UsageFault_Handler 000000CC

Symbol: UsageFault_Handler
   Definitions
      At line 276 in file startup_LPC17xx.s
   Uses
      At line 65 in file startup_LPC17xx.s
      At line 277 in file startup_LPC17xx.s

WDT_IRQHandler 000000D6



ARM Macro Assembler    Page 8 Alphabetic symbol ordering
Relocatable symbols


Symbol: WDT_IRQHandler
   Definitions
      At line 336 in file startup_LPC17xx.s
   Uses
      At line 77 in file startup_LPC17xx.s
      At line 300 in file startup_LPC17xx.s

__user_initial_stackheap 000000D8

Symbol: __user_initial_stackheap
   Definitions
      At line 392 in file startup_LPC17xx.s
   Uses
      At line 391 in file startup_LPC17xx.s
Comment: __user_initial_stackheap used once
change_row 0000007A

Symbol: change_row
   Definitions
      At line 220 in file startup_LPC17xx.s
   Uses
      At line 194 in file startup_LPC17xx.s
Comment: change_row used once
loop 00000020

Symbol: loop
   Definitions
      At line 182 in file startup_LPC17xx.s
   Uses
      At line 195 in file startup_LPC17xx.s
      At line 218 in file startup_LPC17xx.s
      At line 246 in file startup_LPC17xx.s

repeat_row 0000003E

Symbol: repeat_row
   Definitions
      At line 197 in file startup_LPC17xx.s
   Uses
      At line 223 in file startup_LPC17xx.s
Comment: repeat_row used once
stop 000000C2

Symbol: stop
   Definitions
      At line 249 in file startup_LPC17xx.s
   Uses
      At line 245 in file startup_LPC17xx.s
      At line 249 in file startup_LPC17xx.s

52 symbols



ARM Macro Assembler    Page 1 Alphabetic symbol ordering
Absolute symbols

Heap_Size 00000000

Symbol: Heap_Size
   Definitions
      At line 42 in file startup_LPC17xx.s
   Uses
      At line 46 in file startup_LPC17xx.s
      At line 396 in file startup_LPC17xx.s

M 00000004

Symbol: M
   Definitions
      At line 134 in file startup_LPC17xx.s
   Uses
      At line 170 in file startup_LPC17xx.s
      At line 214 in file startup_LPC17xx.s
      At line 227 in file startup_LPC17xx.s

N 00000003

Symbol: N
   Definitions
      At line 135 in file startup_LPC17xx.s
   Uses
      At line 171 in file startup_LPC17xx.s
Comment: N used once
P 00000002

Symbol: P
   Definitions
      At line 136 in file startup_LPC17xx.s
   Uses
      At line 172 in file startup_LPC17xx.s
      At line 224 in file startup_LPC17xx.s

Stack_Size 00000200

Symbol: Stack_Size
   Definitions
      At line 31 in file startup_LPC17xx.s
   Uses
      At line 34 in file startup_LPC17xx.s
      At line 395 in file startup_LPC17xx.s

myArea_size 00000018

Symbol: myArea_size
   Definitions
      At line 120 in file startup_LPC17xx.s
   Uses
      At line 123 in file startup_LPC17xx.s
Comment: myArea_size used once
6 symbols
418 symbols in table
