


ARM Macro Assembler    Page 1 


    1 00000000         ;/******************************************************
                       ********************//**
    2 00000000         ; * @file     startup_LPC17xx.s
    3 00000000         ; * @brief    CMSIS Cortex-M3 Core Device Startup File f
                       or
    4 00000000         ; *           NXP LPC17xx Device Series
    5 00000000         ; * @version  V1.10
    6 00000000         ; * @date     06. April 2011
    7 00000000         ; *
    8 00000000         ; * @note
    9 00000000         ; * Copyright (C) 2009-2011 ARM Limited. All rights rese
                       rved.
   10 00000000         ; *
   11 00000000         ; * @par
   12 00000000         ; * ARM Limited (ARM) is supplying this software for use
                        with Cortex-M
   13 00000000         ; * processor based microcontrollers.  This file can be 
                       freely distributed
   14 00000000         ; * within development tools that are supporting such AR
                       M based processors.
   15 00000000         ; *
   16 00000000         ; * @par
   17 00000000         ; * THIS SOFTWARE IS PROVIDED "AS IS".  NO WARRANTIES, W
                       HETHER EXPRESS, IMPLIED
   18 00000000         ; * OR STATUTORY, INCLUDING, BUT NOT LIMITED TO, IMPLIED
                        WARRANTIES OF
   19 00000000         ; * MERCHANTABILITY AND FITNESS FOR A PARTICULAR PURPOSE
                        APPLY TO THIS SOFTWARE.
   20 00000000         ; * ARM SHALL NOT, IN ANY CIRCUMSTANCES, BE LIABLE FOR S
                       PECIAL, INCIDENTAL, OR
   21 00000000         ; * CONSEQUENTIAL DAMAGES, FOR ANY REASON WHATSOEVER.
   22 00000000         ; *
   23 00000000         ; ******************************************************
                       ************************/
   24 00000000         
   25 00000000         ; *------- <<< Use Configuration Wizard in Context Menu 
                       >>> ------------------
   26 00000000         
   27 00000000         ; <h> Stack Configuration
   28 00000000         ;   <o> Stack Size (in Bytes) <0x0-0xFFFFFFFF:8>
   29 00000000         ; </h>
   30 00000000         
   31 00000000 00000200 
                       Stack_Size
                               EQU              0x00000200
   32 00000000         
   33 00000000                 AREA             STACK, NOINIT, READWRITE, ALIGN
=3
   34 00000000         Stack_Mem
                               SPACE            Stack_Size
   35 00000200         __initial_sp
   36 00000200         
   37 00000200         
   38 00000200         ; <h> Heap Configuration
   39 00000200         ;   <o>  Heap Size (in Bytes) <0x0-0xFFFFFFFF:8>
   40 00000200         ; </h>
   41 00000200         
   42 00000200 00000000 
                       Heap_Size



ARM Macro Assembler    Page 2 


                               EQU              0x00000000
   43 00000200         
   44 00000200                 AREA             HEAP, NOINIT, READWRITE, ALIGN=
3
   45 00000000         __heap_base
   46 00000000         Heap_Mem
                               SPACE            Heap_Size
   47 00000000         __heap_limit
   48 00000000         
   49 00000000         
   50 00000000                 PRESERVE8
   51 00000000                 THUMB
   52 00000000         
   53 00000000         
   54 00000000         ; Vector Table Mapped to Address 0 at Reset
   55 00000000         
   56 00000000                 AREA             RESET, DATA, READONLY
   57 00000000                 EXPORT           __Vectors
   58 00000000         
   59 00000000 00000000 
                       __Vectors
                               DCD              __initial_sp ; Top of Stack
   60 00000004 00000000        DCD              Reset_Handler ; Reset Handler
   61 00000008 00000000        DCD              NMI_Handler ; NMI Handler
   62 0000000C 00000000        DCD              HardFault_Handler ; Hard Fault 
                                                            Handler
   63 00000010 00000000        DCD              MemManage_Handler 
                                                            ; MPU Fault Handler
                                                            
   64 00000014 00000000        DCD              BusFault_Handler 
                                                            ; Bus Fault Handler
                                                            
   65 00000018 00000000        DCD              UsageFault_Handler ; Usage Faul
                                                            t Handler
   66 0000001C 00000000        DCD              0           ; Reserved
   67 00000020 00000000        DCD              0           ; Reserved
   68 00000024 00000000        DCD              0           ; Reserved
   69 00000028 00000000        DCD              0           ; Reserved
   70 0000002C 00000000        DCD              SVC_Handler ; SVCall Handler
   71 00000030 00000000        DCD              DebugMon_Handler ; Debug Monito
                                                            r Handler
   72 00000034 00000000        DCD              0           ; Reserved
   73 00000038 00000000        DCD              PendSV_Handler ; PendSV Handler
                                                            
   74 0000003C 00000000        DCD              SysTick_Handler 
                                                            ; SysTick Handler
   75 00000040         
   76 00000040         ; External Interrupts
   77 00000040 00000000        DCD              WDT_IRQHandler ; 16: Watchdog T
                                                            imer
   78 00000044 00000000        DCD              TIMER0_IRQHandler ; 17: Timer0
   79 00000048 00000000        DCD              TIMER1_IRQHandler ; 18: Timer1
   80 0000004C 00000000        DCD              TIMER2_IRQHandler ; 19: Timer2
   81 00000050 00000000        DCD              TIMER3_IRQHandler ; 20: Timer3
   82 00000054 00000000        DCD              UART0_IRQHandler ; 21: UART0
   83 00000058 00000000        DCD              UART1_IRQHandler ; 22: UART1
   84 0000005C 00000000        DCD              UART2_IRQHandler ; 23: UART2
   85 00000060 00000000        DCD              UART3_IRQHandler ; 24: UART3
   86 00000064 00000000        DCD              PWM1_IRQHandler ; 25: PWM1



ARM Macro Assembler    Page 3 


   87 00000068 00000000        DCD              I2C0_IRQHandler ; 26: I2C0
   88 0000006C 00000000        DCD              I2C1_IRQHandler ; 27: I2C1
   89 00000070 00000000        DCD              I2C2_IRQHandler ; 28: I2C2
   90 00000074 00000000        DCD              SPI_IRQHandler ; 29: SPI
   91 00000078 00000000        DCD              SSP0_IRQHandler ; 30: SSP0
   92 0000007C 00000000        DCD              SSP1_IRQHandler ; 31: SSP1
   93 00000080 00000000        DCD              PLL0_IRQHandler ; 32: PLL0 Lock
                                                             (Main PLL)
   94 00000084 00000000        DCD              RTC_IRQHandler ; 33: Real Time 
                                                            Clock
   95 00000088 00000000        DCD              EINT0_IRQHandler ; 34: External
                                                             Interrupt 0
   96 0000008C 00000000        DCD              EINT1_IRQHandler ; 35: External
                                                             Interrupt 1
   97 00000090 00000000        DCD              EINT2_IRQHandler ; 36: External
                                                             Interrupt 2
   98 00000094 00000000        DCD              EINT3_IRQHandler ; 37: External
                                                             Interrupt 3
   99 00000098 00000000        DCD              ADC_IRQHandler 
                                                            ; 38: A/D Converter
                                                            
  100 0000009C 00000000        DCD              BOD_IRQHandler ; 39: Brown-Out 
                                                            Detect
  101 000000A0 00000000        DCD              USB_IRQHandler ; 40: USB
  102 000000A4 00000000        DCD              CAN_IRQHandler ; 41: CAN
  103 000000A8 00000000        DCD              DMA_IRQHandler ; 42: General Pu
                                                            rpose DMA
  104 000000AC 00000000        DCD              I2S_IRQHandler ; 43: I2S
  105 000000B0 00000000        DCD              ENET_IRQHandler ; 44: Ethernet
  106 000000B4 00000000        DCD              RIT_IRQHandler ; 45: Repetitive
                                                             Interrupt Timer
  107 000000B8 00000000        DCD              MCPWM_IRQHandler ; 46: Motor Co
                                                            ntrol PWM
  108 000000BC 00000000        DCD              QEI_IRQHandler ; 47: Quadrature
                                                             Encoder Interface
  109 000000C0 00000000        DCD              PLL1_IRQHandler ; 48: PLL1 Lock
                                                             (USB PLL)
  110 000000C4 00000000        DCD              USBActivity_IRQHandler ; 49: US
                                                            B Activity interrup
                                                            t to wakeup
  111 000000C8 00000000        DCD              CANActivity_IRQHandler ; 50: CA
                                                            N Activity interrup
                                                            t to wakeup
  112 000000CC         
  113 000000CC         
  114 000000CC                 IF               :LNOT::DEF:NO_CRP
  115 000000CC                 AREA             |.ARM.__at_0x02FC|, CODE, READO
NLY
  116 00000000 FFFFFFFF 
                       CRP_Key DCD              0xFFFFFFFF
  117 00000004                 ENDIF
  118 00000004         
  119 00000004 000000C8 
                       stack_size
                               EQU              200
  120 00000004         
  121 00000004 00000003 
                       dischi_da_spostare
                               EQU              3



ARM Macro Assembler    Page 4 


  122 00000004         
  123 00000004                 AREA             myarea, DATA, READWRITE
  124 00000000         
  125 00000000 00 00 00 
              00 00 00 
              00 00 00 
              00 00 00 
              00 00 00 
              00 00 00 
              00 00 00 
              00 00 00 
              00 00 00 
              00 00 00 
              00 00 00 
              00 00 00 
              00 00 00 
              00 00 00 
              00 00 00 
              00 00 00 
              00 00 00 
              00 00 00 
              00 00 00 
              00 00 00 
              00 00 00 
              00 00 00 
              00 00 00 
              00 00 00 
              00 00 00 
              00 00 00 
              00 00 00 
              00 00 00 
              00 00 00 
              00 00 00 
              00 00 00 
              00 00 00 
              00 00 00 
              00 00 00 
              00 00 00 
              00 00 00 
              00 00 00 
              00 00 00 
              00 00 00 
              00 00 00 
              00 00 00 
              00 00 00 
              00 00 00 
              00 00 00 
              00 00 00 
              00 00 00 
              00 00 00 
              00 00 00 
              00 00 00 
              00 00 00 
              00 00 00 
              00 00 00 
              00 00 00 
              00 00 00 
              00 00 00 
              00 00 00 



ARM Macro Assembler    Page 5 


              00 00 00 
              00 00 00 
              00 00 00 
              00 00 00 
              00 00 00 
              00 00 00 
              00 00 00 
              00 00 00 
              00 00 00 
              00 00 00 
              00 00            SPACE            stack_size
  126 000000C8         
  127 000000C8 00 00 00 
              00 00 00 
              00 00 00 
              00 00 00 
              00 00 00 
              00 00 00 
              00 00 00 
              00 00 00 
              00 00 00 
              00 00 00 
              00 00 00 
              00 00 00 
              00 00 00 
              00 00 00 
              00 00 00 
              00 00 00 
              00 00 00 
              00 00 00 
              00 00 00 
              00 00 00 
              00 00 00 
              00 00 00 
              00 00 00 
              00 00 00 
              00 00 00 
              00 00 00 
              00 00 00 
              00 00 00 
              00 00 00 
              00 00 00 
              00 00 00 
              00 00 00 
              00 00 00 
              00 00 00 
              00 00 00 
              00 00 00 
              00 00 00 
              00 00 00 
              00 00 00 
              00 00 00 
              00 00 00 
              00 00 00 
              00 00 00 
              00 00 00 
              00 00 00 
              00 00 00 
              00 00 00 



ARM Macro Assembler    Page 6 


              00 00 00 
              00 00 00 
              00 00 00 
              00 00 00 
              00 00 00 
              00 00 00 
              00 00 00 
              00 00 00 
              00 00 00 
              00 00 00 
              00 00 00 
              00 00 00 
              00 00 00 
              00 00 00 
              00 00 00 
              00 00 00 
              00 00 00 
              00 00 00 
              00 00 00 
              00 00    stack_one
                               SPACE            stack_size
  128 00000190         
  129 00000190 00 00 00 
              00 00 00 
              00 00 00 
              00 00 00 
              00 00 00 
              00 00 00 
              00 00 00 
              00 00 00 
              00 00 00 
              00 00 00 
              00 00 00 
              00 00 00 
              00 00 00 
              00 00 00 
              00 00 00 
              00 00 00 
              00 00 00 
              00 00 00 
              00 00 00 
              00 00 00 
              00 00 00 
              00 00 00 
              00 00 00 
              00 00 00 
              00 00 00 
              00 00 00 
              00 00 00 
              00 00 00 
              00 00 00 
              00 00 00 
              00 00 00 
              00 00 00 
              00 00 00 
              00 00 00 
              00 00 00 
              00 00 00 
              00 00 00 



ARM Macro Assembler    Page 7 


              00 00 00 
              00 00 00 
              00 00 00 
              00 00 00 
              00 00 00 
              00 00 00 
              00 00 00 
              00 00 00 
              00 00 00 
              00 00 00 
              00 00 00 
              00 00 00 
              00 00 00 
              00 00 00 
              00 00 00 
              00 00 00 
              00 00 00 
              00 00 00 
              00 00 00 
              00 00 00 
              00 00 00 
              00 00 00 
              00 00 00 
              00 00 00 
              00 00 00 
              00 00 00 
              00 00 00 
              00 00 00 
              00 00 00 
              00 00    stack_two
                               SPACE            stack_size
  130 00000258         
  131 00000258 00      stack_three
                               SPACE            1
  132 00000259         
  133 00000259                 AREA             |.text|, CODE, READONLY
  134 00000000         
  135 00000000 00000009 
              00000006 
              00000003 
              00000002 
              00000001 
              00000008 
              00000007 
              00000000 
              00000005 
              00000004 
              00000000 seq     DCD              9, 6, 3, 2, 1, 8, 7, 0, 5, 4, 0
  136 0000002C         
  137 0000002C         ; Reset Handler
  138 0000002C         
  139 0000002C         Reset_Handler
                               PROC
  140 0000002C                 EXPORT           Reset_Handler             [WEAK
]
  141 0000002C         
  142 0000002C 484D            LDR              R0, =seq
  143 0000002E        1 
                       SP1     RN               R1



ARM Macro Assembler    Page 8 


  144 0000002E        2 
                       SP2     RN               R2
  145 0000002E        3 
                       SP3     RN               R3
  146 0000002E 494E            LDR              SP1, =stack_one
  147 00000030 4A4E            LDR              SP2, =stack_two
  148 00000032 4B4F            LDR              SP3, =stack_three
  149 00000034         
  150 00000034 B403            PUSH{R0,         SP1}
  151 00000036 F7FF FFFE       BL               fillStack
  152 0000003A BC03            POP              {R0, SP1}
  153 0000003C         
  154 0000003C B405            PUSH{R0,         SP2}
  155 0000003E F7FF FFFE       BL               fillStack
  156 00000042 BC05            POP              {R0, SP2}
  157 00000044         
  158 00000044 B409            PUSH{R0,         SP3}
  159 00000046 F7FF FFFE       BL               fillStack
  160 0000004A BC09            POP              {R0, SP3}
  161 0000004C         
  162 0000004C B402            PUSH{SP1}
  163 0000004E B404            PUSH{SP2}
  164 00000050 B410            PUSH{R4}
  165 00000052 F7FF FFFE       BL               move1
  166 00000056 BC10            POP{R4}
  167 00000058 BC04            POP{SP2}
  168 0000005A BC02            POP{SP1}
  169 0000005C         
  170 0000005C F04F 0503       LDR              R5, =dischi_da_spostare
  171 00000060         
  172 00000060 B42E            PUSH{SP1,        SP2, SP3, R5}
  173 00000062 F7FF FFFE       BL               moveN
  174 00000066 BC2E            POP{SP1,         SP2, SP3, R5}
  175 00000068         
  176 00000068         
  177 00000068 E7FE    stop    B                stop
  178 0000006A                 ENDP
  179 0000006A         
  180 0000006A         fillStack
                               PROC
  181 0000006A E92D 5FFF       PUSH{R0-R12,     LR}
  182 0000006E 980E            LDR              R0, [SP, #56] ;SEQ
  183 00000070 990F            LDR              R1, [SP, #60] ;STACK POINTER
  184 00000072 F850 2B04       LDR              R2, [R0], #4
  185 00000076 2A00            CMP              R2, #0
  186 00000078 D00B            BEQ              fine_zero
  187 0000007A F841 2D04 
                       label   STMFD            R1!, {R2}
  188 0000007E 4613            MOV              R3, R2      ;r3 used to memorys
                                                            e the extracted bef
                                                            ore number and do a
                                                             comparison
  189 00000080 F850 2B04       LDR              R2, [R0], #4
  190 00000084 2A00            CMP              R2, #0
  191 00000086 D004            BEQ              fine_zero
  192 00000088 429A            CMP              R2, R3
  193 0000008A DC00            BGT              fine
  194 0000008C E7F5            B                label
  195 0000008E F1A0 0004 



ARM Macro Assembler    Page 9 


                       fine    SUB              R0, R0, #4  ; decrease the poin
                                                            ter to the sequence
                                                            
  196 00000092         ; if I stopped is because the next element is greater th
                       an the previous one,
  197 00000092         ; otherwise if it is zero it is not necessary to decreas
                       e
  198 00000092 900E    fine_zero
                               STR              R0, [SP, #56] ;SEQ
  199 00000094 910F            STR              R1, [SP, #60] ;STACK POINTER
  200 00000096 E8BD 9FFF       POP{R0-R12,      PC}
  201 0000009A                 ENDP
  202 0000009A         
  203 0000009A         move1   PROC
  204 0000009A E92D 5FFF       PUSH{R0-R12,     LR}
  205 0000009E 980E            LDR              R0, [SP, #56] ;return value
  206 000000A0 9A0F            LDR              R2, [SP, #60] ;Stack pointer 2
  207 000000A2 9910            LDR              R1, [SP, #64] ;Stack pointer 1
  208 000000A4         
  209 000000A4 C908            LDMFD            R1!, {R3}   ; last element inse
                                                            rted in stack1
  210 000000A6 6814            LDMFD            R2, {R4}    ; last element inse
                                                            rted in stack2, if 
                                                            no element inserted
                                                             it would be 0
  211 000000A8 2C00            CMP              R4, #0
  212 000000AA D003            BEQ              sposta
  213 000000AC 429C            CMP              R4, R3
  214 000000AE BFD8 2000       MOVLE            R0, #0
  215 000000B2 DD03            BLE              fine2
  216 000000B4         
  217 000000B4 F842 3D04 
                       sposta  STMFD            R2!, {R3}
  218 000000B8 F04F 0001       MOV              R0, #1
  219 000000BC         fine2
  220 000000BC 900E            STR              R0, [SP, #56] ;return value
  221 000000BE 920F            STR              R2, [SP, #60] ;Stack pointer 2
  222 000000C0 9110            STR              R1, [SP, #64] ;Stack pointer 1
  223 000000C2 E8BD 9FFF       POP{R0-R12,      PC}
  224 000000C6                 ENDP
  225 000000C6         
  226 000000C6         
  227 000000C6         moveN   PROC
  228 000000C6 E92D 5FFF       PUSH{R0-R12,     LR}
  229 000000CA 980E            LDR              R0, [SP, #56] ;stack start
  230 000000CC 990F            LDR              R1, [SP, #60] ;Stack end
  231 000000CE 9A10            LDR              R2, [SP, #64] ;stack bridge
  232 000000D0 9B11            LDR              R3, [SP, #68] ;number of elemen
                                                            ts to be moved
  233 000000D2         
  234 000000D2        3 
                       N       RN               R3
  235 000000D2 F1A3 0601       SUB              R6, N, #1
  236 000000D6        6 
                       N1      RN               R6
  237 000000D6        4 
                       M       RN               R4          ;number of movement
                                                            s done
  238 000000D6        0 



ARM Macro Assembler    Page 10 


                       X       RN               R0
  239 000000D6        1 
                       Y       RN               R1
  240 000000D6        2 
                       Z       RN               R2
  241 000000D6 F04F 0400       MOV              M, #0
  242 000000DA 2B01            CMP              N, #1
  243 000000DC D109            BNE              els
  244 000000DE         
  245 000000DE B401            PUSH{X}
  246 000000E0 B402            PUSH{Y}
  247 000000E2 B420            PUSH{R5}
  248 000000E4 F7FF FFFE       BL               move1
  249 000000E8 BC20            POP{R5}
  250 000000EA BC02            POP{Y}
  251 000000EC BC01            POP{X}
  252 000000EE         
  253 000000EE 442C            ADD              M, M, R5
  254 000000F0 E022            B                fine3
  255 000000F2         els
  256 000000F2 B440            PUSH{N1}
  257 000000F4 B402            PUSH{Y}
  258 000000F6 B404            PUSH{Z}
  259 000000F8 B401            PUSH{X}
  260 000000FA F7FF FFFE       BL               moveN
  261 000000FE BC01            POP{X}
  262 00000100 BC04            POP{Z}
  263 00000102 BC02            POP{Y}
  264 00000104 BC80            POP{R7}
  265 00000106 443C            ADD              M, M, R7
  266 00000108         
  267 00000108 B401            PUSH{X}
  268 0000010A B402            PUSH{Y}
  269 0000010C B420            PUSH{R5}
  270 0000010E F7FF FFFE       BL               move1
  271 00000112 BC20            POP{R5}
  272 00000114 BC02            POP{Y}
  273 00000116 BC01            POP{X}
  274 00000118         
  275 00000118 2D00            CMP              R5, #0
  276 0000011A D00D            BEQ              fine3
  277 0000011C F104 0401       ADD              M, M, #1
  278 00000120 B440            PUSH{N1}
  279 00000122 B401            PUSH{X}
  280 00000124 B402            PUSH{Y}
  281 00000126 B404            PUSH{Z}
  282 00000128 F7FF FFFE       BL               moveN
  283 0000012C BC04            POP{Z}
  284 0000012E BC02            POP{Y}
  285 00000130 BC01            POP{X}
  286 00000132 F85D 8B04       POP{R8}
  287 00000136 4444            ADD              M, M, R8
  288 00000138         fine3
  289 00000138 900E            STR              R0, [SP, #56] ;stack start
  290 0000013A 910F            STR              R1, [SP, #60] ;Stack end
  291 0000013C 9210            STR              R2, [SP, #64] ;stack bridge
  292 0000013E 9311            STR              R3, [SP, #68] ;number of moveme
                                                            nts done
  293 00000140 E8BD 9FFF       POP{R0-R12,      PC}



ARM Macro Assembler    Page 11 


  294 00000144                 ENDP
  295 00000144         
  296 00000144         
  297 00000144         ; Dummy Exception Handlers (infinite loops which can be 
                       modified)
  298 00000144         
  299 00000144         NMI_Handler
                               PROC
  300 00000144                 EXPORT           NMI_Handler               [WEAK
]
  301 00000144 E7FE            B                .
  302 00000146                 ENDP
  304 00000146         HardFault_Handler
                               PROC
  305 00000146                 EXPORT           HardFault_Handler         [WEAK
]
  306 00000146 E7FE            B                .
  307 00000148                 ENDP
  309 00000148         MemManage_Handler
                               PROC
  310 00000148                 EXPORT           MemManage_Handler         [WEAK
]
  311 00000148 E7FE            B                .
  312 0000014A                 ENDP
  314 0000014A         BusFault_Handler
                               PROC
  315 0000014A                 EXPORT           BusFault_Handler          [WEAK
]
  316 0000014A E7FE            B                .
  317 0000014C                 ENDP
  319 0000014C         UsageFault_Handler
                               PROC
  320 0000014C                 EXPORT           UsageFault_Handler        [WEAK
]
  321 0000014C E7FE            B                .
  322 0000014E                 ENDP
  323 0000014E         SVC_Handler
                               PROC
  324 0000014E                 EXPORT           SVC_Handler               [WEAK
]
  325 0000014E E7FE            B                .
  326 00000150                 ENDP
  328 00000150         DebugMon_Handler
                               PROC
  329 00000150                 EXPORT           DebugMon_Handler          [WEAK
]
  330 00000150 E7FE            B                .
  331 00000152                 ENDP
  332 00000152         PendSV_Handler
                               PROC
  333 00000152                 EXPORT           PendSV_Handler            [WEAK
]
  334 00000152 E7FE            B                .
  335 00000154                 ENDP
  336 00000154         SysTick_Handler
                               PROC
  337 00000154                 EXPORT           SysTick_Handler           [WEAK
]
  338 00000154 E7FE            B                .



ARM Macro Assembler    Page 12 


  339 00000156                 ENDP
  340 00000156         
  341 00000156         Default_Handler
                               PROC
  342 00000156         
  343 00000156                 EXPORT           WDT_IRQHandler            [WEAK
]
  344 00000156                 EXPORT           TIMER0_IRQHandler         [WEAK
]
  345 00000156                 EXPORT           TIMER1_IRQHandler         [WEAK
]
  346 00000156                 EXPORT           TIMER2_IRQHandler         [WEAK
]
  347 00000156                 EXPORT           TIMER3_IRQHandler         [WEAK
]
  348 00000156                 EXPORT           UART0_IRQHandler          [WEAK
]
  349 00000156                 EXPORT           UART1_IRQHandler          [WEAK
]
  350 00000156                 EXPORT           UART2_IRQHandler          [WEAK
]
  351 00000156                 EXPORT           UART3_IRQHandler          [WEAK
]
  352 00000156                 EXPORT           PWM1_IRQHandler           [WEAK
]
  353 00000156                 EXPORT           I2C0_IRQHandler           [WEAK
]
  354 00000156                 EXPORT           I2C1_IRQHandler           [WEAK
]
  355 00000156                 EXPORT           I2C2_IRQHandler           [WEAK
]
  356 00000156                 EXPORT           SPI_IRQHandler            [WEAK
]
  357 00000156                 EXPORT           SSP0_IRQHandler           [WEAK
]
  358 00000156                 EXPORT           SSP1_IRQHandler           [WEAK
]
  359 00000156                 EXPORT           PLL0_IRQHandler           [WEAK
]
  360 00000156                 EXPORT           RTC_IRQHandler            [WEAK
]
  361 00000156                 EXPORT           EINT0_IRQHandler          [WEAK
]
  362 00000156                 EXPORT           EINT1_IRQHandler          [WEAK
]
  363 00000156                 EXPORT           EINT2_IRQHandler          [WEAK
]
  364 00000156                 EXPORT           EINT3_IRQHandler          [WEAK
]
  365 00000156                 EXPORT           ADC_IRQHandler            [WEAK
]
  366 00000156                 EXPORT           BOD_IRQHandler            [WEAK
]
  367 00000156                 EXPORT           USB_IRQHandler            [WEAK
]
  368 00000156                 EXPORT           CAN_IRQHandler            [WEAK
]
  369 00000156                 EXPORT           DMA_IRQHandler            [WEAK
]



ARM Macro Assembler    Page 13 


  370 00000156                 EXPORT           I2S_IRQHandler            [WEAK
]
  371 00000156                 EXPORT           ENET_IRQHandler           [WEAK
]
  372 00000156                 EXPORT           RIT_IRQHandler            [WEAK
]
  373 00000156                 EXPORT           MCPWM_IRQHandler          [WEAK
]
  374 00000156                 EXPORT           QEI_IRQHandler            [WEAK
]
  375 00000156                 EXPORT           PLL1_IRQHandler           [WEAK
]
  376 00000156                 EXPORT           USBActivity_IRQHandler    [WEAK
]
  377 00000156                 EXPORT           CANActivity_IRQHandler    [WEAK
]
  378 00000156         
  379 00000156         WDT_IRQHandler
  380 00000156         TIMER0_IRQHandler
  381 00000156         TIMER1_IRQHandler
  382 00000156         TIMER2_IRQHandler
  383 00000156         TIMER3_IRQHandler
  384 00000156         UART0_IRQHandler
  385 00000156         UART1_IRQHandler
  386 00000156         UART2_IRQHandler
  387 00000156         UART3_IRQHandler
  388 00000156         PWM1_IRQHandler
  389 00000156         I2C0_IRQHandler
  390 00000156         I2C1_IRQHandler
  391 00000156         I2C2_IRQHandler
  392 00000156         SPI_IRQHandler
  393 00000156         SSP0_IRQHandler
  394 00000156         SSP1_IRQHandler
  395 00000156         PLL0_IRQHandler
  396 00000156         RTC_IRQHandler
  397 00000156         EINT0_IRQHandler
  398 00000156         EINT1_IRQHandler
  399 00000156         EINT2_IRQHandler
  400 00000156         EINT3_IRQHandler
  401 00000156         ADC_IRQHandler
  402 00000156         BOD_IRQHandler
  403 00000156         USB_IRQHandler
  404 00000156         CAN_IRQHandler
  405 00000156         DMA_IRQHandler
  406 00000156         I2S_IRQHandler
  407 00000156         ENET_IRQHandler
  408 00000156         RIT_IRQHandler
  409 00000156         MCPWM_IRQHandler
  410 00000156         QEI_IRQHandler
  411 00000156         PLL1_IRQHandler
  412 00000156         USBActivity_IRQHandler
  413 00000156         CANActivity_IRQHandler
  414 00000156         
  415 00000156 E7FE            B                .
  416 00000158         
  417 00000158                 ENDP
  418 00000158         
  419 00000158         
  420 00000158                 ALIGN



ARM Macro Assembler    Page 14 


  421 00000158         
  422 00000158         
  423 00000158         ; User Initial Stack & Heap
  424 00000158         
  425 00000158                 IF               :DEF:__MICROLIB
  432 00000158         
  433 00000158         ;IMPORT  __use_two_region_memory
  434 00000158                 EXPORT           __user_initial_stackheap
  435 00000158         __user_initial_stackheap
  436 00000158         
  437 00000158 4806            LDR              R0, =  Heap_Mem
  438 0000015A 4907            LDR              R1, =(Stack_Mem + Stack_Size)
  439 0000015C 4A05            LDR              R2, = (Heap_Mem +  Heap_Size)
  440 0000015E 4B07            LDR              R3, = Stack_Mem
  441 00000160 4770            BX               LR
  442 00000162         
  443 00000162 00 00           ALIGN
  444 00000164         
  445 00000164                 ENDIF
  446 00000164         
  447 00000164         
  448 00000164                 END
              00000000 
              00000000 
              00000000 
              00000000 
              00000000 
              00000200 
              00000000 
Command Line: --debug --xref --cpu=Cortex-M3 --apcs=interwork --depend=.\startu
p_lpc17xx.d -o.\startup_lpc17xx.o -IC:\Keil\ARM\RV31\INC -IC:\Keil\ARM\CMSIS\In
clude -IC:\Keil\ARM\Inc\NXP\LPC17xx --predefine="__EVAL SETA 1" --list=.\startu
p_lpc17xx.lst startup_LPC17xx.s



ARM Macro Assembler    Page 1 Alphabetic symbol ordering
Relocatable symbols

STACK 00000000

Symbol: STACK
   Definitions
      At line 33 in file startup_LPC17xx.s
   Uses
      None
Comment: STACK unused
Stack_Mem 00000000

Symbol: Stack_Mem
   Definitions
      At line 34 in file startup_LPC17xx.s
   Uses
      At line 438 in file startup_LPC17xx.s
      At line 440 in file startup_LPC17xx.s

__initial_sp 00000200

Symbol: __initial_sp
   Definitions
      At line 35 in file startup_LPC17xx.s
   Uses
      At line 59 in file startup_LPC17xx.s
Comment: __initial_sp used once
3 symbols



ARM Macro Assembler    Page 1 Alphabetic symbol ordering
Relocatable symbols

HEAP 00000000

Symbol: HEAP
   Definitions
      At line 44 in file startup_LPC17xx.s
   Uses
      None
Comment: HEAP unused
Heap_Mem 00000000

Symbol: Heap_Mem
   Definitions
      At line 46 in file startup_LPC17xx.s
   Uses
      At line 437 in file startup_LPC17xx.s
      At line 439 in file startup_LPC17xx.s

__heap_base 00000000

Symbol: __heap_base
   Definitions
      At line 45 in file startup_LPC17xx.s
   Uses
      None
Comment: __heap_base unused
__heap_limit 00000000

Symbol: __heap_limit
   Definitions
      At line 47 in file startup_LPC17xx.s
   Uses
      None
Comment: __heap_limit unused
4 symbols



ARM Macro Assembler    Page 1 Alphabetic symbol ordering
Relocatable symbols

RESET 00000000

Symbol: RESET
   Definitions
      At line 56 in file startup_LPC17xx.s
   Uses
      None
Comment: RESET unused
__Vectors 00000000

Symbol: __Vectors
   Definitions
      At line 59 in file startup_LPC17xx.s
   Uses
      At line 57 in file startup_LPC17xx.s
Comment: __Vectors used once
2 symbols



ARM Macro Assembler    Page 1 Alphabetic symbol ordering
Relocatable symbols

.ARM.__at_0x02FC 00000000

Symbol: .ARM.__at_0x02FC
   Definitions
      At line 115 in file startup_LPC17xx.s
   Uses
      None
Comment: .ARM.__at_0x02FC unused
CRP_Key 00000000

Symbol: CRP_Key
   Definitions
      At line 116 in file startup_LPC17xx.s
   Uses
      None
Comment: CRP_Key unused
2 symbols



ARM Macro Assembler    Page 1 Alphabetic symbol ordering
Relocatable symbols

myarea 00000000

Symbol: myarea
   Definitions
      At line 123 in file startup_LPC17xx.s
   Uses
      None
Comment: myarea unused
stack_one 000000C8

Symbol: stack_one
   Definitions
      At line 127 in file startup_LPC17xx.s
   Uses
      At line 146 in file startup_LPC17xx.s
Comment: stack_one used once
stack_three 00000258

Symbol: stack_three
   Definitions
      At line 131 in file startup_LPC17xx.s
   Uses
      At line 148 in file startup_LPC17xx.s
Comment: stack_three used once
stack_two 00000190

Symbol: stack_two
   Definitions
      At line 129 in file startup_LPC17xx.s
   Uses
      At line 147 in file startup_LPC17xx.s
Comment: stack_two used once
4 symbols



ARM Macro Assembler    Page 1 Alphabetic symbol ordering
Relocatable symbols

.text 00000000

Symbol: .text
   Definitions
      At line 133 in file startup_LPC17xx.s
   Uses
      None
Comment: .text unused
ADC_IRQHandler 00000156

Symbol: ADC_IRQHandler
   Definitions
      At line 401 in file startup_LPC17xx.s
   Uses
      At line 99 in file startup_LPC17xx.s
      At line 365 in file startup_LPC17xx.s

BOD_IRQHandler 00000156

Symbol: BOD_IRQHandler
   Definitions
      At line 402 in file startup_LPC17xx.s
   Uses
      At line 100 in file startup_LPC17xx.s
      At line 366 in file startup_LPC17xx.s

BusFault_Handler 0000014A

Symbol: BusFault_Handler
   Definitions
      At line 314 in file startup_LPC17xx.s
   Uses
      At line 64 in file startup_LPC17xx.s
      At line 315 in file startup_LPC17xx.s

CANActivity_IRQHandler 00000156

Symbol: CANActivity_IRQHandler
   Definitions
      At line 413 in file startup_LPC17xx.s
   Uses
      At line 111 in file startup_LPC17xx.s
      At line 377 in file startup_LPC17xx.s

CAN_IRQHandler 00000156

Symbol: CAN_IRQHandler
   Definitions
      At line 404 in file startup_LPC17xx.s
   Uses
      At line 102 in file startup_LPC17xx.s
      At line 368 in file startup_LPC17xx.s

DMA_IRQHandler 00000156

Symbol: DMA_IRQHandler
   Definitions
      At line 405 in file startup_LPC17xx.s
   Uses



ARM Macro Assembler    Page 2 Alphabetic symbol ordering
Relocatable symbols

      At line 103 in file startup_LPC17xx.s
      At line 369 in file startup_LPC17xx.s

DebugMon_Handler 00000150

Symbol: DebugMon_Handler
   Definitions
      At line 328 in file startup_LPC17xx.s
   Uses
      At line 71 in file startup_LPC17xx.s
      At line 329 in file startup_LPC17xx.s

Default_Handler 00000156

Symbol: Default_Handler
   Definitions
      At line 341 in file startup_LPC17xx.s
   Uses
      None
Comment: Default_Handler unused
EINT0_IRQHandler 00000156

Symbol: EINT0_IRQHandler
   Definitions
      At line 397 in file startup_LPC17xx.s
   Uses
      At line 95 in file startup_LPC17xx.s
      At line 361 in file startup_LPC17xx.s

EINT1_IRQHandler 00000156

Symbol: EINT1_IRQHandler
   Definitions
      At line 398 in file startup_LPC17xx.s
   Uses
      At line 96 in file startup_LPC17xx.s
      At line 362 in file startup_LPC17xx.s

EINT2_IRQHandler 00000156

Symbol: EINT2_IRQHandler
   Definitions
      At line 399 in file startup_LPC17xx.s
   Uses
      At line 97 in file startup_LPC17xx.s
      At line 363 in file startup_LPC17xx.s

EINT3_IRQHandler 00000156

Symbol: EINT3_IRQHandler
   Definitions
      At line 400 in file startup_LPC17xx.s
   Uses
      At line 98 in file startup_LPC17xx.s
      At line 364 in file startup_LPC17xx.s

ENET_IRQHandler 00000156

Symbol: ENET_IRQHandler



ARM Macro Assembler    Page 3 Alphabetic symbol ordering
Relocatable symbols

   Definitions
      At line 407 in file startup_LPC17xx.s
   Uses
      At line 105 in file startup_LPC17xx.s
      At line 371 in file startup_LPC17xx.s

HardFault_Handler 00000146

Symbol: HardFault_Handler
   Definitions
      At line 304 in file startup_LPC17xx.s
   Uses
      At line 62 in file startup_LPC17xx.s
      At line 305 in file startup_LPC17xx.s

I2C0_IRQHandler 00000156

Symbol: I2C0_IRQHandler
   Definitions
      At line 389 in file startup_LPC17xx.s
   Uses
      At line 87 in file startup_LPC17xx.s
      At line 353 in file startup_LPC17xx.s

I2C1_IRQHandler 00000156

Symbol: I2C1_IRQHandler
   Definitions
      At line 390 in file startup_LPC17xx.s
   Uses
      At line 88 in file startup_LPC17xx.s
      At line 354 in file startup_LPC17xx.s

I2C2_IRQHandler 00000156

Symbol: I2C2_IRQHandler
   Definitions
      At line 391 in file startup_LPC17xx.s
   Uses
      At line 89 in file startup_LPC17xx.s
      At line 355 in file startup_LPC17xx.s

I2S_IRQHandler 00000156

Symbol: I2S_IRQHandler
   Definitions
      At line 406 in file startup_LPC17xx.s
   Uses
      At line 104 in file startup_LPC17xx.s
      At line 370 in file startup_LPC17xx.s

MCPWM_IRQHandler 00000156

Symbol: MCPWM_IRQHandler
   Definitions
      At line 409 in file startup_LPC17xx.s
   Uses
      At line 107 in file startup_LPC17xx.s
      At line 373 in file startup_LPC17xx.s



ARM Macro Assembler    Page 4 Alphabetic symbol ordering
Relocatable symbols


MemManage_Handler 00000148

Symbol: MemManage_Handler
   Definitions
      At line 309 in file startup_LPC17xx.s
   Uses
      At line 63 in file startup_LPC17xx.s
      At line 310 in file startup_LPC17xx.s

NMI_Handler 00000144

Symbol: NMI_Handler
   Definitions
      At line 299 in file startup_LPC17xx.s
   Uses
      At line 61 in file startup_LPC17xx.s
      At line 300 in file startup_LPC17xx.s

PLL0_IRQHandler 00000156

Symbol: PLL0_IRQHandler
   Definitions
      At line 395 in file startup_LPC17xx.s
   Uses
      At line 93 in file startup_LPC17xx.s
      At line 359 in file startup_LPC17xx.s

PLL1_IRQHandler 00000156

Symbol: PLL1_IRQHandler
   Definitions
      At line 411 in file startup_LPC17xx.s
   Uses
      At line 109 in file startup_LPC17xx.s
      At line 375 in file startup_LPC17xx.s

PWM1_IRQHandler 00000156

Symbol: PWM1_IRQHandler
   Definitions
      At line 388 in file startup_LPC17xx.s
   Uses
      At line 86 in file startup_LPC17xx.s
      At line 352 in file startup_LPC17xx.s

PendSV_Handler 00000152

Symbol: PendSV_Handler
   Definitions
      At line 332 in file startup_LPC17xx.s
   Uses
      At line 73 in file startup_LPC17xx.s
      At line 333 in file startup_LPC17xx.s

QEI_IRQHandler 00000156

Symbol: QEI_IRQHandler
   Definitions



ARM Macro Assembler    Page 5 Alphabetic symbol ordering
Relocatable symbols

      At line 410 in file startup_LPC17xx.s
   Uses
      At line 108 in file startup_LPC17xx.s
      At line 374 in file startup_LPC17xx.s

RIT_IRQHandler 00000156

Symbol: RIT_IRQHandler
   Definitions
      At line 408 in file startup_LPC17xx.s
   Uses
      At line 106 in file startup_LPC17xx.s
      At line 372 in file startup_LPC17xx.s

RTC_IRQHandler 00000156

Symbol: RTC_IRQHandler
   Definitions
      At line 396 in file startup_LPC17xx.s
   Uses
      At line 94 in file startup_LPC17xx.s
      At line 360 in file startup_LPC17xx.s

Reset_Handler 0000002C

Symbol: Reset_Handler
   Definitions
      At line 139 in file startup_LPC17xx.s
   Uses
      At line 60 in file startup_LPC17xx.s
      At line 140 in file startup_LPC17xx.s

SPI_IRQHandler 00000156

Symbol: SPI_IRQHandler
   Definitions
      At line 392 in file startup_LPC17xx.s
   Uses
      At line 90 in file startup_LPC17xx.s
      At line 356 in file startup_LPC17xx.s

SSP0_IRQHandler 00000156

Symbol: SSP0_IRQHandler
   Definitions
      At line 393 in file startup_LPC17xx.s
   Uses
      At line 91 in file startup_LPC17xx.s
      At line 357 in file startup_LPC17xx.s

SSP1_IRQHandler 00000156

Symbol: SSP1_IRQHandler
   Definitions
      At line 394 in file startup_LPC17xx.s
   Uses
      At line 92 in file startup_LPC17xx.s
      At line 358 in file startup_LPC17xx.s




ARM Macro Assembler    Page 6 Alphabetic symbol ordering
Relocatable symbols

SVC_Handler 0000014E

Symbol: SVC_Handler
   Definitions
      At line 323 in file startup_LPC17xx.s
   Uses
      At line 70 in file startup_LPC17xx.s
      At line 324 in file startup_LPC17xx.s

SysTick_Handler 00000154

Symbol: SysTick_Handler
   Definitions
      At line 336 in file startup_LPC17xx.s
   Uses
      At line 74 in file startup_LPC17xx.s
      At line 337 in file startup_LPC17xx.s

TIMER0_IRQHandler 00000156

Symbol: TIMER0_IRQHandler
   Definitions
      At line 380 in file startup_LPC17xx.s
   Uses
      At line 78 in file startup_LPC17xx.s
      At line 344 in file startup_LPC17xx.s

TIMER1_IRQHandler 00000156

Symbol: TIMER1_IRQHandler
   Definitions
      At line 381 in file startup_LPC17xx.s
   Uses
      At line 79 in file startup_LPC17xx.s
      At line 345 in file startup_LPC17xx.s

TIMER2_IRQHandler 00000156

Symbol: TIMER2_IRQHandler
   Definitions
      At line 382 in file startup_LPC17xx.s
   Uses
      At line 80 in file startup_LPC17xx.s
      At line 346 in file startup_LPC17xx.s

TIMER3_IRQHandler 00000156

Symbol: TIMER3_IRQHandler
   Definitions
      At line 383 in file startup_LPC17xx.s
   Uses
      At line 81 in file startup_LPC17xx.s
      At line 347 in file startup_LPC17xx.s

UART0_IRQHandler 00000156

Symbol: UART0_IRQHandler
   Definitions
      At line 384 in file startup_LPC17xx.s



ARM Macro Assembler    Page 7 Alphabetic symbol ordering
Relocatable symbols

   Uses
      At line 82 in file startup_LPC17xx.s
      At line 348 in file startup_LPC17xx.s

UART1_IRQHandler 00000156

Symbol: UART1_IRQHandler
   Definitions
      At line 385 in file startup_LPC17xx.s
   Uses
      At line 83 in file startup_LPC17xx.s
      At line 349 in file startup_LPC17xx.s

UART2_IRQHandler 00000156

Symbol: UART2_IRQHandler
   Definitions
      At line 386 in file startup_LPC17xx.s
   Uses
      At line 84 in file startup_LPC17xx.s
      At line 350 in file startup_LPC17xx.s

UART3_IRQHandler 00000156

Symbol: UART3_IRQHandler
   Definitions
      At line 387 in file startup_LPC17xx.s
   Uses
      At line 85 in file startup_LPC17xx.s
      At line 351 in file startup_LPC17xx.s

USBActivity_IRQHandler 00000156

Symbol: USBActivity_IRQHandler
   Definitions
      At line 412 in file startup_LPC17xx.s
   Uses
      At line 110 in file startup_LPC17xx.s
      At line 376 in file startup_LPC17xx.s

USB_IRQHandler 00000156

Symbol: USB_IRQHandler
   Definitions
      At line 403 in file startup_LPC17xx.s
   Uses
      At line 101 in file startup_LPC17xx.s
      At line 367 in file startup_LPC17xx.s

UsageFault_Handler 0000014C

Symbol: UsageFault_Handler
   Definitions
      At line 319 in file startup_LPC17xx.s
   Uses
      At line 65 in file startup_LPC17xx.s
      At line 320 in file startup_LPC17xx.s

WDT_IRQHandler 00000156



ARM Macro Assembler    Page 8 Alphabetic symbol ordering
Relocatable symbols


Symbol: WDT_IRQHandler
   Definitions
      At line 379 in file startup_LPC17xx.s
   Uses
      At line 77 in file startup_LPC17xx.s
      At line 343 in file startup_LPC17xx.s

__user_initial_stackheap 00000158

Symbol: __user_initial_stackheap
   Definitions
      At line 435 in file startup_LPC17xx.s
   Uses
      At line 434 in file startup_LPC17xx.s
Comment: __user_initial_stackheap used once
els 000000F2

Symbol: els
   Definitions
      At line 255 in file startup_LPC17xx.s
   Uses
      At line 243 in file startup_LPC17xx.s
Comment: els used once
fillStack 0000006A

Symbol: fillStack
   Definitions
      At line 180 in file startup_LPC17xx.s
   Uses
      At line 151 in file startup_LPC17xx.s
      At line 155 in file startup_LPC17xx.s
      At line 159 in file startup_LPC17xx.s

fine 0000008E

Symbol: fine
   Definitions
      At line 195 in file startup_LPC17xx.s
   Uses
      At line 193 in file startup_LPC17xx.s
Comment: fine used once
fine2 000000BC

Symbol: fine2
   Definitions
      At line 219 in file startup_LPC17xx.s
   Uses
      At line 215 in file startup_LPC17xx.s
Comment: fine2 used once
fine3 00000138

Symbol: fine3
   Definitions
      At line 288 in file startup_LPC17xx.s
   Uses
      At line 254 in file startup_LPC17xx.s
      At line 276 in file startup_LPC17xx.s




ARM Macro Assembler    Page 9 Alphabetic symbol ordering
Relocatable symbols

fine_zero 00000092

Symbol: fine_zero
   Definitions
      At line 198 in file startup_LPC17xx.s
   Uses
      At line 186 in file startup_LPC17xx.s
      At line 191 in file startup_LPC17xx.s

label 0000007A

Symbol: label
   Definitions
      At line 187 in file startup_LPC17xx.s
   Uses
      At line 194 in file startup_LPC17xx.s
Comment: label used once
move1 0000009A

Symbol: move1
   Definitions
      At line 203 in file startup_LPC17xx.s
   Uses
      At line 165 in file startup_LPC17xx.s
      At line 248 in file startup_LPC17xx.s
      At line 270 in file startup_LPC17xx.s

moveN 000000C6

Symbol: moveN
   Definitions
      At line 227 in file startup_LPC17xx.s
   Uses
      At line 173 in file startup_LPC17xx.s
      At line 260 in file startup_LPC17xx.s
      At line 282 in file startup_LPC17xx.s

seq 00000000

Symbol: seq
   Definitions
      At line 135 in file startup_LPC17xx.s
   Uses
      At line 142 in file startup_LPC17xx.s
Comment: seq used once
sposta 000000B4

Symbol: sposta
   Definitions
      At line 217 in file startup_LPC17xx.s
   Uses
      At line 212 in file startup_LPC17xx.s
Comment: sposta used once
stop 00000068

Symbol: stop
   Definitions
      At line 177 in file startup_LPC17xx.s
   Uses



ARM Macro Assembler    Page 10 Alphabetic symbol ordering
Relocatable symbols

      At line 177 in file startup_LPC17xx.s
Comment: stop used once
60 symbols



ARM Macro Assembler    Page 1 Alphabetic symbol ordering
Absolute symbols

Heap_Size 00000000

Symbol: Heap_Size
   Definitions
      At line 42 in file startup_LPC17xx.s
   Uses
      At line 46 in file startup_LPC17xx.s
      At line 439 in file startup_LPC17xx.s

Stack_Size 00000200

Symbol: Stack_Size
   Definitions
      At line 31 in file startup_LPC17xx.s
   Uses
      At line 34 in file startup_LPC17xx.s
      At line 438 in file startup_LPC17xx.s

dischi_da_spostare 00000003

Symbol: dischi_da_spostare
   Definitions
      At line 121 in file startup_LPC17xx.s
   Uses
      At line 170 in file startup_LPC17xx.s
Comment: dischi_da_spostare used once
stack_size 000000C8

Symbol: stack_size
   Definitions
      At line 119 in file startup_LPC17xx.s
   Uses
      At line 125 in file startup_LPC17xx.s
      At line 127 in file startup_LPC17xx.s
      At line 129 in file startup_LPC17xx.s

4 symbols
425 symbols in table
